[2023-06-21 12:21:43] production.ERROR: No application encryption key has been specified. {"exception":"[object] (Illuminate\\Encryption\\MissingAppKeyException(code: 0): No application encryption key has been specified. at E:\\projects\\Backend\\fitness-and-wellness\\vendor\\laravel\\framework\\src\\Illuminate\\Encryption\\EncryptionServiceProvider.php:79)
[stacktrace]
#0 E:\\projects\\Backend\\fitness-and-wellness\\vendor\\laravel\\framework\\src\\Illuminate\\Support\\helpers.php(307): Illuminate\\Encryption\\EncryptionServiceProvider->Illuminate\\Encryption\\{closure}()
#1 E:\\projects\\Backend\\fitness-and-wellness\\vendor\\laravel\\framework\\src\\Illuminate\\Encryption\\EncryptionServiceProvider.php(77): tap()
#2 E:\\projects\\Backend\\fitness-and-wellness\\vendor\\laravel\\framework\\src\\Illuminate\\Encryption\\EncryptionServiceProvider.php(60): Illuminate\\Encryption\\EncryptionServiceProvider->key()
#3 E:\\projects\\Backend\\fitness-and-wellness\\vendor\\laravel\\framework\\src\\Illuminate\\Encryption\\EncryptionServiceProvider.php(32): Illuminate\\Encryption\\EncryptionServiceProvider->parseKey()
#4 E:\\projects\\Backend\\fitness-and-wellness\\vendor\\laravel\\framework\\src\\Illuminate\\Container\\Container.php(910): Illuminate\\Encryption\\EncryptionServiceProvider->Illuminate\\Encryption\\{closure}()
#5 E:\\projects\\Backend\\fitness-and-wellness\\vendor\\laravel\\framework\\src\\Illuminate\\Container\\Container.php(795): Illuminate\\Container\\Container->build()
#6 E:\\projects\\Backend\\fitness-and-wellness\\vendor\\laravel\\framework\\src\\Illuminate\\Foundation\\Application.php(933): Illuminate\\Container\\Container->resolve()
#7 E:\\projects\\Backend\\fitness-and-wellness\\vendor\\laravel\\framework\\src\\Illuminate\\Container\\Container.php(731): Illuminate\\Foundation\\Application->resolve()
#8 E:\\projects\\Backend\\fitness-and-wellness\\vendor\\laravel\\framework\\src\\Illuminate\\Foundation\\Application.php(918): Illuminate\\Container\\Container->make()
#9 E:\\projects\\Backend\\fitness-and-wellness\\vendor\\laravel\\framework\\src\\Illuminate\\Container\\Container.php(1068): Illuminate\\Foundation\\Application->make()
#10 E:\\projects\\Backend\\fitness-and-wellness\\vendor\\laravel\\framework\\src\\Illuminate\\Container\\Container.php(984): Illuminate\\Container\\Container->resolveClass()
#11 E:\\projects\\Backend\\fitness-and-wellness\\vendor\\laravel\\framework\\src\\Illuminate\\Container\\Container.php(945): Illuminate\\Container\\Container->resolveDependencies()
#12 E:\\projects\\Backend\\fitness-and-wellness\\vendor\\laravel\\framework\\src\\Illuminate\\Container\\Container.php(795): Illuminate\\Container\\Container->build()
#13 E:\\projects\\Backend\\fitness-and-wellness\\vendor\\laravel\\framework\\src\\Illuminate\\Foundation\\Application.php(933): Illuminate\\Container\\Container->resolve()
#14 E:\\projects\\Backend\\fitness-and-wellness\\vendor\\laravel\\framework\\src\\Illuminate\\Container\\Container.php(731): Illuminate\\Foundation\\Application->resolve()
#15 E:\\projects\\Backend\\fitness-and-wellness\\vendor\\laravel\\framework\\src\\Illuminate\\Foundation\\Application.php(918): Illuminate\\Container\\Container->make()
#16 E:\\projects\\Backend\\fitness-and-wellness\\vendor\\laravel\\framework\\src\\Illuminate\\Pipeline\\Pipeline.php(169): Illuminate\\Foundation\\Application->make()
#17 E:\\projects\\Backend\\fitness-and-wellness\\vendor\\laravel\\framework\\src\\Illuminate\\Pipeline\\Pipeline.php(116): Illuminate\\Pipeline\\Pipeline->Illuminate\\Pipeline\\{closure}()
#18 E:\\projects\\Backend\\fitness-and-wellness\\vendor\\laravel\\framework\\src\\Illuminate\\Routing\\Router.php(798): Illuminate\\Pipeline\\Pipeline->then()
#19 E:\\projects\\Backend\\fitness-and-wellness\\vendor\\laravel\\framework\\src\\Illuminate\\Routing\\Router.php(777): Illuminate\\Routing\\Router->runRouteWithinStack()
#20 E:\\projects\\Backend\\fitness-and-wellness\\vendor\\laravel\\framework\\src\\Illuminate\\Routing\\Router.php(741): Illuminate\\Routing\\Router->runRoute()
#21 E:\\projects\\Backend\\fitness-and-wellness\\vendor\\laravel\\framework\\src\\Illuminate\\Routing\\Router.php(730): Illuminate\\Routing\\Router->dispatchToRoute()
#22 E:\\projects\\Backend\\fitness-and-wellness\\vendor\\laravel\\framework\\src\\Illuminate\\Foundation\\Http\\Kernel.php(200): Illuminate\\Routing\\Router->dispatch()
#23 E:\\projects\\Backend\\fitness-and-wellness\\vendor\\laravel\\framework\\src\\Illuminate\\Pipeline\\Pipeline.php(141): Illuminate\\Foundation\\Http\\Kernel->Illuminate\\Foundation\\Http\\{closure}()
#24 E:\\projects\\Backend\\fitness-and-wellness\\vendor\\laravel\\framework\\src\\Illuminate\\Foundation\\Http\\Middleware\\TransformsRequest.php(21): Illuminate\\Pipeline\\Pipeline->Illuminate\\Pipeline\\{closure}()
#25 E:\\projects\\Backend\\fitness-and-wellness\\vendor\\laravel\\framework\\src\\Illuminate\\Foundation\\Http\\Middleware\\ConvertEmptyStringsToNull.php(31): Illuminate\\Foundation\\Http\\Middleware\\TransformsRequest->handle()
#26 E:\\projects\\Backend\\fitness-and-wellness\\vendor\\laravel\\framework\\src\\Illuminate\\Pipeline\\Pipeline.php(180): Illuminate\\Foundation\\Http\\Middleware\\ConvertEmptyStringsToNull->handle()
#27 E:\\projects\\Backend\\fitness-and-wellness\\vendor\\laravel\\framework\\src\\Illuminate\\Foundation\\Http\\Middleware\\TransformsRequest.php(21): Illuminate\\Pipeline\\Pipeline->Illuminate\\Pipeline\\{closure}()
#28 E:\\projects\\Backend\\fitness-and-wellness\\vendor\\laravel\\framework\\src\\Illuminate\\Foundation\\Http\\Middleware\\TrimStrings.php(40): Illuminate\\Foundation\\Http\\Middleware\\TransformsRequest->handle()
#29 E:\\projects\\Backend\\fitness-and-wellness\\vendor\\laravel\\framework\\src\\Illuminate\\Pipeline\\Pipeline.php(180): Illuminate\\Foundation\\Http\\Middleware\\TrimStrings->handle()
#30 E:\\projects\\Backend\\fitness-and-wellness\\vendor\\laravel\\framework\\src\\Illuminate\\Foundation\\Http\\Middleware\\ValidatePostSize.php(27): Illuminate\\Pipeline\\Pipeline->Illuminate\\Pipeline\\{closure}()
#31 E:\\projects\\Backend\\fitness-and-wellness\\vendor\\laravel\\framework\\src\\Illuminate\\Pipeline\\Pipeline.php(180): Illuminate\\Foundation\\Http\\Middleware\\ValidatePostSize->handle()
#32 E:\\projects\\Backend\\fitness-and-wellness\\vendor\\laravel\\framework\\src\\Illuminate\\Foundation\\Http\\Middleware\\PreventRequestsDuringMaintenance.php(86): Illuminate\\Pipeline\\Pipeline->Illuminate\\Pipeline\\{closure}()
#33 E:\\projects\\Backend\\fitness-and-wellness\\vendor\\laravel\\framework\\src\\Illuminate\\Pipeline\\Pipeline.php(180): Illuminate\\Foundation\\Http\\Middleware\\PreventRequestsDuringMaintenance->handle()
#34 E:\\projects\\Backend\\fitness-and-wellness\\vendor\\laravel\\framework\\src\\Illuminate\\Http\\Middleware\\HandleCors.php(49): Illuminate\\Pipeline\\Pipeline->Illuminate\\Pipeline\\{closure}()
#35 E:\\projects\\Backend\\fitness-and-wellness\\vendor\\laravel\\framework\\src\\Illuminate\\Pipeline\\Pipeline.php(180): Illuminate\\Http\\Middleware\\HandleCors->handle()
#36 E:\\projects\\Backend\\fitness-and-wellness\\vendor\\laravel\\framework\\src\\Illuminate\\Http\\Middleware\\TrustProxies.php(39): Illuminate\\Pipeline\\Pipeline->Illuminate\\Pipeline\\{closure}()
#37 E:\\projects\\Backend\\fitness-and-wellness\\vendor\\laravel\\framework\\src\\Illuminate\\Pipeline\\Pipeline.php(180): Illuminate\\Http\\Middleware\\TrustProxies->handle()
#38 E:\\projects\\Backend\\fitness-and-wellness\\vendor\\laravel\\framework\\src\\Illuminate\\Pipeline\\Pipeline.php(116): Illuminate\\Pipeline\\Pipeline->Illuminate\\Pipeline\\{closure}()
#39 E:\\projects\\Backend\\fitness-and-wellness\\vendor\\laravel\\framework\\src\\Illuminate\\Foundation\\Http\\Kernel.php(175): Illuminate\\Pipeline\\Pipeline->then()
#40 E:\\projects\\Backend\\fitness-and-wellness\\vendor\\laravel\\framework\\src\\Illuminate\\Foundation\\Http\\Kernel.php(144): Illuminate\\Foundation\\Http\\Kernel->sendRequestThroughRouter()
#41 E:\\projects\\Backend\\fitness-and-wellness\\public\\index.php(51): Illuminate\\Foundation\\Http\\Kernel->handle()
#42 E:\\projects\\Backend\\fitness-and-wellness\\vendor\\laravel\\framework\\src\\Illuminate\\Foundation\\resources\\server.php(16): require_once('...')
#43 {main}
"} 
[2023-06-21 12:21:43] production.ERROR: No application encryption key has been specified. {"exception":"[object] (Illuminate\\Encryption\\MissingAppKeyException(code: 0): No application encryption key has been specified. at E:\\projects\\Backend\\fitness-and-wellness\\vendor\\laravel\\framework\\src\\Illuminate\\Encryption\\EncryptionServiceProvider.php:79)
[stacktrace]
#0 E:\\projects\\Backend\\fitness-and-wellness\\vendor\\laravel\\framework\\src\\Illuminate\\Support\\helpers.php(307): Illuminate\\Encryption\\EncryptionServiceProvider->Illuminate\\Encryption\\{closure}()
#1 E:\\projects\\Backend\\fitness-and-wellness\\vendor\\laravel\\framework\\src\\Illuminate\\Encryption\\EncryptionServiceProvider.php(77): tap()
#2 E:\\projects\\Backend\\fitness-and-wellness\\vendor\\laravel\\framework\\src\\Illuminate\\Encryption\\EncryptionServiceProvider.php(60): Illuminate\\Encryption\\EncryptionServiceProvider->key()
#3 E:\\projects\\Backend\\fitness-and-wellness\\vendor\\laravel\\framework\\src\\Illuminate\\Encryption\\EncryptionServiceProvider.php(32): Illuminate\\Encryption\\EncryptionServiceProvider->parseKey()
#4 E:\\projects\\Backend\\fitness-and-wellness\\vendor\\laravel\\framework\\src\\Illuminate\\Container\\Container.php(910): Illuminate\\Encryption\\EncryptionServiceProvider->Illuminate\\Encryption\\{closure}()
#5 E:\\projects\\Backend\\fitness-and-wellness\\vendor\\laravel\\framework\\src\\Illuminate\\Container\\Container.php(795): Illuminate\\Container\\Container->build()
#6 E:\\projects\\Backend\\fitness-and-wellness\\vendor\\laravel\\framework\\src\\Illuminate\\Foundation\\Application.php(933): Illuminate\\Container\\Container->resolve()
#7 E:\\projects\\Backend\\fitness-and-wellness\\vendor\\laravel\\framework\\src\\Illuminate\\Container\\Container.php(731): Illuminate\\Foundation\\Application->resolve()
#8 E:\\projects\\Backend\\fitness-and-wellness\\vendor\\laravel\\framework\\src\\Illuminate\\Foundation\\Application.php(918): Illuminate\\Container\\Container->make()
#9 E:\\projects\\Backend\\fitness-and-wellness\\vendor\\laravel\\framework\\src\\Illuminate\\Container\\Container.php(1068): Illuminate\\Foundation\\Application->make()
#10 E:\\projects\\Backend\\fitness-and-wellness\\vendor\\laravel\\framework\\src\\Illuminate\\Container\\Container.php(984): Illuminate\\Container\\Container->resolveClass()
#11 E:\\projects\\Backend\\fitness-and-wellness\\vendor\\laravel\\framework\\src\\Illuminate\\Container\\Container.php(945): Illuminate\\Container\\Container->resolveDependencies()
#12 E:\\projects\\Backend\\fitness-and-wellness\\vendor\\laravel\\framework\\src\\Illuminate\\Container\\Container.php(795): Illuminate\\Container\\Container->build()
#13 E:\\projects\\Backend\\fitness-and-wellness\\vendor\\laravel\\framework\\src\\Illuminate\\Foundation\\Application.php(933): Illuminate\\Container\\Container->resolve()
#14 E:\\projects\\Backend\\fitness-and-wellness\\vendor\\laravel\\framework\\src\\Illuminate\\Container\\Container.php(731): Illuminate\\Foundation\\Application->resolve()
#15 E:\\projects\\Backend\\fitness-and-wellness\\vendor\\laravel\\framework\\src\\Illuminate\\Foundation\\Application.php(918): Illuminate\\Container\\Container->make()
#16 E:\\projects\\Backend\\fitness-and-wellness\\vendor\\laravel\\framework\\src\\Illuminate\\Foundation\\Http\\Kernel.php(249): Illuminate\\Foundation\\Application->make()
#17 E:\\projects\\Backend\\fitness-and-wellness\\vendor\\laravel\\framework\\src\\Illuminate\\Foundation\\Http\\Kernel.php(213): Illuminate\\Foundation\\Http\\Kernel->terminateMiddleware()
#18 E:\\projects\\Backend\\fitness-and-wellness\\public\\index.php(55): Illuminate\\Foundation\\Http\\Kernel->terminate()
#19 E:\\projects\\Backend\\fitness-and-wellness\\vendor\\laravel\\framework\\src\\Illuminate\\Foundation\\resources\\server.php(16): require_once('...')
#20 {main}
"} 
[2023-06-21 12:22:03] production.ERROR: No application encryption key has been specified. {"exception":"[object] (Illuminate\\Encryption\\MissingAppKeyException(code: 0): No application encryption key has been specified. at E:\\projects\\Backend\\fitness-and-wellness\\vendor\\laravel\\framework\\src\\Illuminate\\Encryption\\EncryptionServiceProvider.php:79)
[stacktrace]
#0 E:\\projects\\Backend\\fitness-and-wellness\\vendor\\laravel\\framework\\src\\Illuminate\\Support\\helpers.php(307): Illuminate\\Encryption\\EncryptionServiceProvider->Illuminate\\Encryption\\{closure}()
#1 E:\\projects\\Backend\\fitness-and-wellness\\vendor\\laravel\\framework\\src\\Illuminate\\Encryption\\EncryptionServiceProvider.php(77): tap()
#2 E:\\projects\\Backend\\fitness-and-wellness\\vendor\\laravel\\framework\\src\\Illuminate\\Encryption\\EncryptionServiceProvider.php(60): Illuminate\\Encryption\\EncryptionServiceProvider->key()
#3 E:\\projects\\Backend\\fitness-and-wellness\\vendor\\laravel\\framework\\src\\Illuminate\\Encryption\\EncryptionServiceProvider.php(32): Illuminate\\Encryption\\EncryptionServiceProvider->parseKey()
#4 E:\\projects\\Backend\\fitness-and-wellness\\vendor\\laravel\\framework\\src\\Illuminate\\Container\\Container.php(910): Illuminate\\Encryption\\EncryptionServiceProvider->Illuminate\\Encryption\\{closure}()
#5 E:\\projects\\Backend\\fitness-and-wellness\\vendor\\laravel\\framework\\src\\Illuminate\\Container\\Container.php(795): Illuminate\\Container\\Container->build()
#6 E:\\projects\\Backend\\fitness-and-wellness\\vendor\\laravel\\framework\\src\\Illuminate\\Foundation\\Application.php(933): Illuminate\\Container\\Container->resolve()
#7 E:\\projects\\Backend\\fitness-and-wellness\\vendor\\laravel\\framework\\src\\Illuminate\\Container\\Container.php(731): Illuminate\\Foundation\\Application->resolve()
#8 E:\\projects\\Backend\\fitness-and-wellness\\vendor\\laravel\\framework\\src\\Illuminate\\Foundation\\Application.php(918): Illuminate\\Container\\Container->make()
#9 E:\\projects\\Backend\\fitness-and-wellness\\vendor\\laravel\\framework\\src\\Illuminate\\Container\\Container.php(1068): Illuminate\\Foundation\\Application->make()
#10 E:\\projects\\Backend\\fitness-and-wellness\\vendor\\laravel\\framework\\src\\Illuminate\\Container\\Container.php(984): Illuminate\\Container\\Container->resolveClass()
#11 E:\\projects\\Backend\\fitness-and-wellness\\vendor\\laravel\\framework\\src\\Illuminate\\Container\\Container.php(945): Illuminate\\Container\\Container->resolveDependencies()
#12 E:\\projects\\Backend\\fitness-and-wellness\\vendor\\laravel\\framework\\src\\Illuminate\\Container\\Container.php(795): Illuminate\\Container\\Container->build()
#13 E:\\projects\\Backend\\fitness-and-wellness\\vendor\\laravel\\framework\\src\\Illuminate\\Foundation\\Application.php(933): Illuminate\\Container\\Container->resolve()
#14 E:\\projects\\Backend\\fitness-and-wellness\\vendor\\laravel\\framework\\src\\Illuminate\\Container\\Container.php(731): Illuminate\\Foundation\\Application->resolve()
#15 E:\\projects\\Backend\\fitness-and-wellness\\vendor\\laravel\\framework\\src\\Illuminate\\Foundation\\Application.php(918): Illuminate\\Container\\Container->make()
#16 E:\\projects\\Backend\\fitness-and-wellness\\vendor\\laravel\\framework\\src\\Illuminate\\Pipeline\\Pipeline.php(169): Illuminate\\Foundation\\Application->make()
#17 E:\\projects\\Backend\\fitness-and-wellness\\vendor\\laravel\\framework\\src\\Illuminate\\Pipeline\\Pipeline.php(116): Illuminate\\Pipeline\\Pipeline->Illuminate\\Pipeline\\{closure}()
#18 E:\\projects\\Backend\\fitness-and-wellness\\vendor\\laravel\\framework\\src\\Illuminate\\Routing\\Router.php(798): Illuminate\\Pipeline\\Pipeline->then()
#19 E:\\projects\\Backend\\fitness-and-wellness\\vendor\\laravel\\framework\\src\\Illuminate\\Routing\\Router.php(777): Illuminate\\Routing\\Router->runRouteWithinStack()
#20 E:\\projects\\Backend\\fitness-and-wellness\\vendor\\laravel\\framework\\src\\Illuminate\\Routing\\Router.php(741): Illuminate\\Routing\\Router->runRoute()
#21 E:\\projects\\Backend\\fitness-and-wellness\\vendor\\laravel\\framework\\src\\Illuminate\\Routing\\Router.php(730): Illuminate\\Routing\\Router->dispatchToRoute()
#22 E:\\projects\\Backend\\fitness-and-wellness\\vendor\\laravel\\framework\\src\\Illuminate\\Foundation\\Http\\Kernel.php(200): Illuminate\\Routing\\Router->dispatch()
#23 E:\\projects\\Backend\\fitness-and-wellness\\vendor\\laravel\\framework\\src\\Illuminate\\Pipeline\\Pipeline.php(141): Illuminate\\Foundation\\Http\\Kernel->Illuminate\\Foundation\\Http\\{closure}()
#24 E:\\projects\\Backend\\fitness-and-wellness\\vendor\\laravel\\framework\\src\\Illuminate\\Foundation\\Http\\Middleware\\TransformsRequest.php(21): Illuminate\\Pipeline\\Pipeline->Illuminate\\Pipeline\\{closure}()
#25 E:\\projects\\Backend\\fitness-and-wellness\\vendor\\laravel\\framework\\src\\Illuminate\\Foundation\\Http\\Middleware\\ConvertEmptyStringsToNull.php(31): Illuminate\\Foundation\\Http\\Middleware\\TransformsRequest->handle()
#26 E:\\projects\\Backend\\fitness-and-wellness\\vendor\\laravel\\framework\\src\\Illuminate\\Pipeline\\Pipeline.php(180): Illuminate\\Foundation\\Http\\Middleware\\ConvertEmptyStringsToNull->handle()
#27 E:\\projects\\Backend\\fitness-and-wellness\\vendor\\laravel\\framework\\src\\Illuminate\\Foundation\\Http\\Middleware\\TransformsRequest.php(21): Illuminate\\Pipeline\\Pipeline->Illuminate\\Pipeline\\{closure}()
#28 E:\\projects\\Backend\\fitness-and-wellness\\vendor\\laravel\\framework\\src\\Illuminate\\Foundation\\Http\\Middleware\\TrimStrings.php(40): Illuminate\\Foundation\\Http\\Middleware\\TransformsRequest->handle()
#29 E:\\projects\\Backend\\fitness-and-wellness\\vendor\\laravel\\framework\\src\\Illuminate\\Pipeline\\Pipeline.php(180): Illuminate\\Foundation\\Http\\Middleware\\TrimStrings->handle()
#30 E:\\projects\\Backend\\fitness-and-wellness\\vendor\\laravel\\framework\\src\\Illuminate\\Foundation\\Http\\Middleware\\ValidatePostSize.php(27): Illuminate\\Pipeline\\Pipeline->Illuminate\\Pipeline\\{closure}()
#31 E:\\projects\\Backend\\fitness-and-wellness\\vendor\\laravel\\framework\\src\\Illuminate\\Pipeline\\Pipeline.php(180): Illuminate\\Foundation\\Http\\Middleware\\ValidatePostSize->handle()
#32 E:\\projects\\Backend\\fitness-and-wellness\\vendor\\laravel\\framework\\src\\Illuminate\\Foundation\\Http\\Middleware\\PreventRequestsDuringMaintenance.php(86): Illuminate\\Pipeline\\Pipeline->Illuminate\\Pipeline\\{closure}()
#33 E:\\projects\\Backend\\fitness-and-wellness\\vendor\\laravel\\framework\\src\\Illuminate\\Pipeline\\Pipeline.php(180): Illuminate\\Foundation\\Http\\Middleware\\PreventRequestsDuringMaintenance->handle()
#34 E:\\projects\\Backend\\fitness-and-wellness\\vendor\\laravel\\framework\\src\\Illuminate\\Http\\Middleware\\HandleCors.php(49): Illuminate\\Pipeline\\Pipeline->Illuminate\\Pipeline\\{closure}()
#35 E:\\projects\\Backend\\fitness-and-wellness\\vendor\\laravel\\framework\\src\\Illuminate\\Pipeline\\Pipeline.php(180): Illuminate\\Http\\Middleware\\HandleCors->handle()
#36 E:\\projects\\Backend\\fitness-and-wellness\\vendor\\laravel\\framework\\src\\Illuminate\\Http\\Middleware\\TrustProxies.php(39): Illuminate\\Pipeline\\Pipeline->Illuminate\\Pipeline\\{closure}()
#37 E:\\projects\\Backend\\fitness-and-wellness\\vendor\\laravel\\framework\\src\\Illuminate\\Pipeline\\Pipeline.php(180): Illuminate\\Http\\Middleware\\TrustProxies->handle()
#38 E:\\projects\\Backend\\fitness-and-wellness\\vendor\\laravel\\framework\\src\\Illuminate\\Pipeline\\Pipeline.php(116): Illuminate\\Pipeline\\Pipeline->Illuminate\\Pipeline\\{closure}()
#39 E:\\projects\\Backend\\fitness-and-wellness\\vendor\\laravel\\framework\\src\\Illuminate\\Foundation\\Http\\Kernel.php(175): Illuminate\\Pipeline\\Pipeline->then()
#40 E:\\projects\\Backend\\fitness-and-wellness\\vendor\\laravel\\framework\\src\\Illuminate\\Foundation\\Http\\Kernel.php(144): Illuminate\\Foundation\\Http\\Kernel->sendRequestThroughRouter()
#41 E:\\projects\\Backend\\fitness-and-wellness\\public\\index.php(51): Illuminate\\Foundation\\Http\\Kernel->handle()
#42 E:\\projects\\Backend\\fitness-and-wellness\\vendor\\laravel\\framework\\src\\Illuminate\\Foundation\\resources\\server.php(16): require_once('...')
#43 {main}
"} 
[2023-06-21 12:22:03] production.ERROR: No application encryption key has been specified. {"exception":"[object] (Illuminate\\Encryption\\MissingAppKeyException(code: 0): No application encryption key has been specified. at E:\\projects\\Backend\\fitness-and-wellness\\vendor\\laravel\\framework\\src\\Illuminate\\Encryption\\EncryptionServiceProvider.php:79)
[stacktrace]
#0 E:\\projects\\Backend\\fitness-and-wellness\\vendor\\laravel\\framework\\src\\Illuminate\\Support\\helpers.php(307): Illuminate\\Encryption\\EncryptionServiceProvider->Illuminate\\Encryption\\{closure}()
#1 E:\\projects\\Backend\\fitness-and-wellness\\vendor\\laravel\\framework\\src\\Illuminate\\Encryption\\EncryptionServiceProvider.php(77): tap()
#2 E:\\projects\\Backend\\fitness-and-wellness\\vendor\\laravel\\framework\\src\\Illuminate\\Encryption\\EncryptionServiceProvider.php(60): Illuminate\\Encryption\\EncryptionServiceProvider->key()
#3 E:\\projects\\Backend\\fitness-and-wellness\\vendor\\laravel\\framework\\src\\Illuminate\\Encryption\\EncryptionServiceProvider.php(32): Illuminate\\Encryption\\EncryptionServiceProvider->parseKey()
#4 E:\\projects\\Backend\\fitness-and-wellness\\vendor\\laravel\\framework\\src\\Illuminate\\Container\\Container.php(910): Illuminate\\Encryption\\EncryptionServiceProvider->Illuminate\\Encryption\\{closure}()
#5 E:\\projects\\Backend\\fitness-and-wellness\\vendor\\laravel\\framework\\src\\Illuminate\\Container\\Container.php(795): Illuminate\\Container\\Container->build()
#6 E:\\projects\\Backend\\fitness-and-wellness\\vendor\\laravel\\framework\\src\\Illuminate\\Foundation\\Application.php(933): Illuminate\\Container\\Container->resolve()
#7 E:\\projects\\Backend\\fitness-and-wellness\\vendor\\laravel\\framework\\src\\Illuminate\\Container\\Container.php(731): Illuminate\\Foundation\\Application->resolve()
#8 E:\\projects\\Backend\\fitness-and-wellness\\vendor\\laravel\\framework\\src\\Illuminate\\Foundation\\Application.php(918): Illuminate\\Container\\Container->make()
#9 E:\\projects\\Backend\\fitness-and-wellness\\vendor\\laravel\\framework\\src\\Illuminate\\Container\\Container.php(1068): Illuminate\\Foundation\\Application->make()
#10 E:\\projects\\Backend\\fitness-and-wellness\\vendor\\laravel\\framework\\src\\Illuminate\\Container\\Container.php(984): Illuminate\\Container\\Container->resolveClass()
#11 E:\\projects\\Backend\\fitness-and-wellness\\vendor\\laravel\\framework\\src\\Illuminate\\Container\\Container.php(945): Illuminate\\Container\\Container->resolveDependencies()
#12 E:\\projects\\Backend\\fitness-and-wellness\\vendor\\laravel\\framework\\src\\Illuminate\\Container\\Container.php(795): Illuminate\\Container\\Container->build()
#13 E:\\projects\\Backend\\fitness-and-wellness\\vendor\\laravel\\framework\\src\\Illuminate\\Foundation\\Application.php(933): Illuminate\\Container\\Container->resolve()
#14 E:\\projects\\Backend\\fitness-and-wellness\\vendor\\laravel\\framework\\src\\Illuminate\\Container\\Container.php(731): Illuminate\\Foundation\\Application->resolve()
#15 E:\\projects\\Backend\\fitness-and-wellness\\vendor\\laravel\\framework\\src\\Illuminate\\Foundation\\Application.php(918): Illuminate\\Container\\Container->make()
#16 E:\\projects\\Backend\\fitness-and-wellness\\vendor\\laravel\\framework\\src\\Illuminate\\Foundation\\Http\\Kernel.php(249): Illuminate\\Foundation\\Application->make()
#17 E:\\projects\\Backend\\fitness-and-wellness\\vendor\\laravel\\framework\\src\\Illuminate\\Foundation\\Http\\Kernel.php(213): Illuminate\\Foundation\\Http\\Kernel->terminateMiddleware()
#18 E:\\projects\\Backend\\fitness-and-wellness\\public\\index.php(55): Illuminate\\Foundation\\Http\\Kernel->terminate()
#19 E:\\projects\\Backend\\fitness-and-wellness\\vendor\\laravel\\framework\\src\\Illuminate\\Foundation\\resources\\server.php(16): require_once('...')
#20 {main}
"} 
[2023-06-21 12:23:57] production.ERROR: No application encryption key has been specified. {"exception":"[object] (Illuminate\\Encryption\\MissingAppKeyException(code: 0): No application encryption key has been specified. at E:\\projects\\Backend\\fitness-and-wellness\\vendor\\laravel\\framework\\src\\Illuminate\\Encryption\\EncryptionServiceProvider.php:79)
[stacktrace]
#0 E:\\projects\\Backend\\fitness-and-wellness\\vendor\\laravel\\framework\\src\\Illuminate\\Support\\helpers.php(307): Illuminate\\Encryption\\EncryptionServiceProvider->Illuminate\\Encryption\\{closure}()
#1 E:\\projects\\Backend\\fitness-and-wellness\\vendor\\laravel\\framework\\src\\Illuminate\\Encryption\\EncryptionServiceProvider.php(77): tap()
#2 E:\\projects\\Backend\\fitness-and-wellness\\vendor\\laravel\\framework\\src\\Illuminate\\Encryption\\EncryptionServiceProvider.php(60): Illuminate\\Encryption\\EncryptionServiceProvider->key()
#3 E:\\projects\\Backend\\fitness-and-wellness\\vendor\\laravel\\framework\\src\\Illuminate\\Encryption\\EncryptionServiceProvider.php(32): Illuminate\\Encryption\\EncryptionServiceProvider->parseKey()
#4 E:\\projects\\Backend\\fitness-and-wellness\\vendor\\laravel\\framework\\src\\Illuminate\\Container\\Container.php(910): Illuminate\\Encryption\\EncryptionServiceProvider->Illuminate\\Encryption\\{closure}()
#5 E:\\projects\\Backend\\fitness-and-wellness\\vendor\\laravel\\framework\\src\\Illuminate\\Container\\Container.php(795): Illuminate\\Container\\Container->build()
#6 E:\\projects\\Backend\\fitness-and-wellness\\vendor\\laravel\\framework\\src\\Illuminate\\Foundation\\Application.php(933): Illuminate\\Container\\Container->resolve()
#7 E:\\projects\\Backend\\fitness-and-wellness\\vendor\\laravel\\framework\\src\\Illuminate\\Container\\Container.php(731): Illuminate\\Foundation\\Application->resolve()
#8 E:\\projects\\Backend\\fitness-and-wellness\\vendor\\laravel\\framework\\src\\Illuminate\\Foundation\\Application.php(918): Illuminate\\Container\\Container->make()
#9 E:\\projects\\Backend\\fitness-and-wellness\\vendor\\laravel\\framework\\src\\Illuminate\\Container\\Container.php(1068): Illuminate\\Foundation\\Application->make()
#10 E:\\projects\\Backend\\fitness-and-wellness\\vendor\\laravel\\framework\\src\\Illuminate\\Container\\Container.php(984): Illuminate\\Container\\Container->resolveClass()
#11 E:\\projects\\Backend\\fitness-and-wellness\\vendor\\laravel\\framework\\src\\Illuminate\\Container\\Container.php(945): Illuminate\\Container\\Container->resolveDependencies()
#12 E:\\projects\\Backend\\fitness-and-wellness\\vendor\\laravel\\framework\\src\\Illuminate\\Container\\Container.php(795): Illuminate\\Container\\Container->build()
#13 E:\\projects\\Backend\\fitness-and-wellness\\vendor\\laravel\\framework\\src\\Illuminate\\Foundation\\Application.php(933): Illuminate\\Container\\Container->resolve()
#14 E:\\projects\\Backend\\fitness-and-wellness\\vendor\\laravel\\framework\\src\\Illuminate\\Container\\Container.php(731): Illuminate\\Foundation\\Application->resolve()
#15 E:\\projects\\Backend\\fitness-and-wellness\\vendor\\laravel\\framework\\src\\Illuminate\\Foundation\\Application.php(918): Illuminate\\Container\\Container->make()
#16 E:\\projects\\Backend\\fitness-and-wellness\\vendor\\laravel\\framework\\src\\Illuminate\\Pipeline\\Pipeline.php(169): Illuminate\\Foundation\\Application->make()
#17 E:\\projects\\Backend\\fitness-and-wellness\\vendor\\laravel\\framework\\src\\Illuminate\\Pipeline\\Pipeline.php(116): Illuminate\\Pipeline\\Pipeline->Illuminate\\Pipeline\\{closure}()
#18 E:\\projects\\Backend\\fitness-and-wellness\\vendor\\laravel\\framework\\src\\Illuminate\\Routing\\Router.php(798): Illuminate\\Pipeline\\Pipeline->then()
#19 E:\\projects\\Backend\\fitness-and-wellness\\vendor\\laravel\\framework\\src\\Illuminate\\Routing\\Router.php(777): Illuminate\\Routing\\Router->runRouteWithinStack()
#20 E:\\projects\\Backend\\fitness-and-wellness\\vendor\\laravel\\framework\\src\\Illuminate\\Routing\\Router.php(741): Illuminate\\Routing\\Router->runRoute()
#21 E:\\projects\\Backend\\fitness-and-wellness\\vendor\\laravel\\framework\\src\\Illuminate\\Routing\\Router.php(730): Illuminate\\Routing\\Router->dispatchToRoute()
#22 E:\\projects\\Backend\\fitness-and-wellness\\vendor\\laravel\\framework\\src\\Illuminate\\Foundation\\Http\\Kernel.php(200): Illuminate\\Routing\\Router->dispatch()
#23 E:\\projects\\Backend\\fitness-and-wellness\\vendor\\laravel\\framework\\src\\Illuminate\\Pipeline\\Pipeline.php(141): Illuminate\\Foundation\\Http\\Kernel->Illuminate\\Foundation\\Http\\{closure}()
#24 E:\\projects\\Backend\\fitness-and-wellness\\vendor\\laravel\\framework\\src\\Illuminate\\Foundation\\Http\\Middleware\\TransformsRequest.php(21): Illuminate\\Pipeline\\Pipeline->Illuminate\\Pipeline\\{closure}()
#25 E:\\projects\\Backend\\fitness-and-wellness\\vendor\\laravel\\framework\\src\\Illuminate\\Foundation\\Http\\Middleware\\ConvertEmptyStringsToNull.php(31): Illuminate\\Foundation\\Http\\Middleware\\TransformsRequest->handle()
#26 E:\\projects\\Backend\\fitness-and-wellness\\vendor\\laravel\\framework\\src\\Illuminate\\Pipeline\\Pipeline.php(180): Illuminate\\Foundation\\Http\\Middleware\\ConvertEmptyStringsToNull->handle()
#27 E:\\projects\\Backend\\fitness-and-wellness\\vendor\\laravel\\framework\\src\\Illuminate\\Foundation\\Http\\Middleware\\TransformsRequest.php(21): Illuminate\\Pipeline\\Pipeline->Illuminate\\Pipeline\\{closure}()
#28 E:\\projects\\Backend\\fitness-and-wellness\\vendor\\laravel\\framework\\src\\Illuminate\\Foundation\\Http\\Middleware\\TrimStrings.php(40): Illuminate\\Foundation\\Http\\Middleware\\TransformsRequest->handle()
#29 E:\\projects\\Backend\\fitness-and-wellness\\vendor\\laravel\\framework\\src\\Illuminate\\Pipeline\\Pipeline.php(180): Illuminate\\Foundation\\Http\\Middleware\\TrimStrings->handle()
#30 E:\\projects\\Backend\\fitness-and-wellness\\vendor\\laravel\\framework\\src\\Illuminate\\Foundation\\Http\\Middleware\\ValidatePostSize.php(27): Illuminate\\Pipeline\\Pipeline->Illuminate\\Pipeline\\{closure}()
#31 E:\\projects\\Backend\\fitness-and-wellness\\vendor\\laravel\\framework\\src\\Illuminate\\Pipeline\\Pipeline.php(180): Illuminate\\Foundation\\Http\\Middleware\\ValidatePostSize->handle()
#32 E:\\projects\\Backend\\fitness-and-wellness\\vendor\\laravel\\framework\\src\\Illuminate\\Foundation\\Http\\Middleware\\PreventRequestsDuringMaintenance.php(86): Illuminate\\Pipeline\\Pipeline->Illuminate\\Pipeline\\{closure}()
#33 E:\\projects\\Backend\\fitness-and-wellness\\vendor\\laravel\\framework\\src\\Illuminate\\Pipeline\\Pipeline.php(180): Illuminate\\Foundation\\Http\\Middleware\\PreventRequestsDuringMaintenance->handle()
#34 E:\\projects\\Backend\\fitness-and-wellness\\vendor\\laravel\\framework\\src\\Illuminate\\Http\\Middleware\\HandleCors.php(49): Illuminate\\Pipeline\\Pipeline->Illuminate\\Pipeline\\{closure}()
#35 E:\\projects\\Backend\\fitness-and-wellness\\vendor\\laravel\\framework\\src\\Illuminate\\Pipeline\\Pipeline.php(180): Illuminate\\Http\\Middleware\\HandleCors->handle()
#36 E:\\projects\\Backend\\fitness-and-wellness\\vendor\\laravel\\framework\\src\\Illuminate\\Http\\Middleware\\TrustProxies.php(39): Illuminate\\Pipeline\\Pipeline->Illuminate\\Pipeline\\{closure}()
#37 E:\\projects\\Backend\\fitness-and-wellness\\vendor\\laravel\\framework\\src\\Illuminate\\Pipeline\\Pipeline.php(180): Illuminate\\Http\\Middleware\\TrustProxies->handle()
#38 E:\\projects\\Backend\\fitness-and-wellness\\vendor\\laravel\\framework\\src\\Illuminate\\Pipeline\\Pipeline.php(116): Illuminate\\Pipeline\\Pipeline->Illuminate\\Pipeline\\{closure}()
#39 E:\\projects\\Backend\\fitness-and-wellness\\vendor\\laravel\\framework\\src\\Illuminate\\Foundation\\Http\\Kernel.php(175): Illuminate\\Pipeline\\Pipeline->then()
#40 E:\\projects\\Backend\\fitness-and-wellness\\vendor\\laravel\\framework\\src\\Illuminate\\Foundation\\Http\\Kernel.php(144): Illuminate\\Foundation\\Http\\Kernel->sendRequestThroughRouter()
#41 E:\\projects\\Backend\\fitness-and-wellness\\public\\index.php(51): Illuminate\\Foundation\\Http\\Kernel->handle()
#42 E:\\projects\\Backend\\fitness-and-wellness\\vendor\\laravel\\framework\\src\\Illuminate\\Foundation\\resources\\server.php(16): require_once('...')
#43 {main}
"} 
[2023-06-21 12:23:57] production.ERROR: No application encryption key has been specified. {"exception":"[object] (Illuminate\\Encryption\\MissingAppKeyException(code: 0): No application encryption key has been specified. at E:\\projects\\Backend\\fitness-and-wellness\\vendor\\laravel\\framework\\src\\Illuminate\\Encryption\\EncryptionServiceProvider.php:79)
[stacktrace]
#0 E:\\projects\\Backend\\fitness-and-wellness\\vendor\\laravel\\framework\\src\\Illuminate\\Support\\helpers.php(307): Illuminate\\Encryption\\EncryptionServiceProvider->Illuminate\\Encryption\\{closure}()
#1 E:\\projects\\Backend\\fitness-and-wellness\\vendor\\laravel\\framework\\src\\Illuminate\\Encryption\\EncryptionServiceProvider.php(77): tap()
#2 E:\\projects\\Backend\\fitness-and-wellness\\vendor\\laravel\\framework\\src\\Illuminate\\Encryption\\EncryptionServiceProvider.php(60): Illuminate\\Encryption\\EncryptionServiceProvider->key()
#3 E:\\projects\\Backend\\fitness-and-wellness\\vendor\\laravel\\framework\\src\\Illuminate\\Encryption\\EncryptionServiceProvider.php(32): Illuminate\\Encryption\\EncryptionServiceProvider->parseKey()
#4 E:\\projects\\Backend\\fitness-and-wellness\\vendor\\laravel\\framework\\src\\Illuminate\\Container\\Container.php(910): Illuminate\\Encryption\\EncryptionServiceProvider->Illuminate\\Encryption\\{closure}()
#5 E:\\projects\\Backend\\fitness-and-wellness\\vendor\\laravel\\framework\\src\\Illuminate\\Container\\Container.php(795): Illuminate\\Container\\Container->build()
#6 E:\\projects\\Backend\\fitness-and-wellness\\vendor\\laravel\\framework\\src\\Illuminate\\Foundation\\Application.php(933): Illuminate\\Container\\Container->resolve()
#7 E:\\projects\\Backend\\fitness-and-wellness\\vendor\\laravel\\framework\\src\\Illuminate\\Container\\Container.php(731): Illuminate\\Foundation\\Application->resolve()
#8 E:\\projects\\Backend\\fitness-and-wellness\\vendor\\laravel\\framework\\src\\Illuminate\\Foundation\\Application.php(918): Illuminate\\Container\\Container->make()
#9 E:\\projects\\Backend\\fitness-and-wellness\\vendor\\laravel\\framework\\src\\Illuminate\\Container\\Container.php(1068): Illuminate\\Foundation\\Application->make()
#10 E:\\projects\\Backend\\fitness-and-wellness\\vendor\\laravel\\framework\\src\\Illuminate\\Container\\Container.php(984): Illuminate\\Container\\Container->resolveClass()
#11 E:\\projects\\Backend\\fitness-and-wellness\\vendor\\laravel\\framework\\src\\Illuminate\\Container\\Container.php(945): Illuminate\\Container\\Container->resolveDependencies()
#12 E:\\projects\\Backend\\fitness-and-wellness\\vendor\\laravel\\framework\\src\\Illuminate\\Container\\Container.php(795): Illuminate\\Container\\Container->build()
#13 E:\\projects\\Backend\\fitness-and-wellness\\vendor\\laravel\\framework\\src\\Illuminate\\Foundation\\Application.php(933): Illuminate\\Container\\Container->resolve()
#14 E:\\projects\\Backend\\fitness-and-wellness\\vendor\\laravel\\framework\\src\\Illuminate\\Container\\Container.php(731): Illuminate\\Foundation\\Application->resolve()
#15 E:\\projects\\Backend\\fitness-and-wellness\\vendor\\laravel\\framework\\src\\Illuminate\\Foundation\\Application.php(918): Illuminate\\Container\\Container->make()
#16 E:\\projects\\Backend\\fitness-and-wellness\\vendor\\laravel\\framework\\src\\Illuminate\\Foundation\\Http\\Kernel.php(249): Illuminate\\Foundation\\Application->make()
#17 E:\\projects\\Backend\\fitness-and-wellness\\vendor\\laravel\\framework\\src\\Illuminate\\Foundation\\Http\\Kernel.php(213): Illuminate\\Foundation\\Http\\Kernel->terminateMiddleware()
#18 E:\\projects\\Backend\\fitness-and-wellness\\public\\index.php(55): Illuminate\\Foundation\\Http\\Kernel->terminate()
#19 E:\\projects\\Backend\\fitness-and-wellness\\vendor\\laravel\\framework\\src\\Illuminate\\Foundation\\resources\\server.php(16): require_once('...')
#20 {main}
"} 
[2023-06-21 12:24:02] production.ERROR: No application encryption key has been specified. {"exception":"[object] (Illuminate\\Encryption\\MissingAppKeyException(code: 0): No application encryption key has been specified. at E:\\projects\\Backend\\fitness-and-wellness\\vendor\\laravel\\framework\\src\\Illuminate\\Encryption\\EncryptionServiceProvider.php:79)
[stacktrace]
#0 E:\\projects\\Backend\\fitness-and-wellness\\vendor\\laravel\\framework\\src\\Illuminate\\Support\\helpers.php(307): Illuminate\\Encryption\\EncryptionServiceProvider->Illuminate\\Encryption\\{closure}()
#1 E:\\projects\\Backend\\fitness-and-wellness\\vendor\\laravel\\framework\\src\\Illuminate\\Encryption\\EncryptionServiceProvider.php(77): tap()
#2 E:\\projects\\Backend\\fitness-and-wellness\\vendor\\laravel\\framework\\src\\Illuminate\\Encryption\\EncryptionServiceProvider.php(60): Illuminate\\Encryption\\EncryptionServiceProvider->key()
#3 E:\\projects\\Backend\\fitness-and-wellness\\vendor\\laravel\\framework\\src\\Illuminate\\Encryption\\EncryptionServiceProvider.php(32): Illuminate\\Encryption\\EncryptionServiceProvider->parseKey()
#4 E:\\projects\\Backend\\fitness-and-wellness\\vendor\\laravel\\framework\\src\\Illuminate\\Container\\Container.php(910): Illuminate\\Encryption\\EncryptionServiceProvider->Illuminate\\Encryption\\{closure}()
#5 E:\\projects\\Backend\\fitness-and-wellness\\vendor\\laravel\\framework\\src\\Illuminate\\Container\\Container.php(795): Illuminate\\Container\\Container->build()
#6 E:\\projects\\Backend\\fitness-and-wellness\\vendor\\laravel\\framework\\src\\Illuminate\\Foundation\\Application.php(933): Illuminate\\Container\\Container->resolve()
#7 E:\\projects\\Backend\\fitness-and-wellness\\vendor\\laravel\\framework\\src\\Illuminate\\Container\\Container.php(731): Illuminate\\Foundation\\Application->resolve()
#8 E:\\projects\\Backend\\fitness-and-wellness\\vendor\\laravel\\framework\\src\\Illuminate\\Foundation\\Application.php(918): Illuminate\\Container\\Container->make()
#9 E:\\projects\\Backend\\fitness-and-wellness\\vendor\\laravel\\framework\\src\\Illuminate\\Container\\Container.php(1068): Illuminate\\Foundation\\Application->make()
#10 E:\\projects\\Backend\\fitness-and-wellness\\vendor\\laravel\\framework\\src\\Illuminate\\Container\\Container.php(984): Illuminate\\Container\\Container->resolveClass()
#11 E:\\projects\\Backend\\fitness-and-wellness\\vendor\\laravel\\framework\\src\\Illuminate\\Container\\Container.php(945): Illuminate\\Container\\Container->resolveDependencies()
#12 E:\\projects\\Backend\\fitness-and-wellness\\vendor\\laravel\\framework\\src\\Illuminate\\Container\\Container.php(795): Illuminate\\Container\\Container->build()
#13 E:\\projects\\Backend\\fitness-and-wellness\\vendor\\laravel\\framework\\src\\Illuminate\\Foundation\\Application.php(933): Illuminate\\Container\\Container->resolve()
#14 E:\\projects\\Backend\\fitness-and-wellness\\vendor\\laravel\\framework\\src\\Illuminate\\Container\\Container.php(731): Illuminate\\Foundation\\Application->resolve()
#15 E:\\projects\\Backend\\fitness-and-wellness\\vendor\\laravel\\framework\\src\\Illuminate\\Foundation\\Application.php(918): Illuminate\\Container\\Container->make()
#16 E:\\projects\\Backend\\fitness-and-wellness\\vendor\\laravel\\framework\\src\\Illuminate\\Pipeline\\Pipeline.php(169): Illuminate\\Foundation\\Application->make()
#17 E:\\projects\\Backend\\fitness-and-wellness\\vendor\\laravel\\framework\\src\\Illuminate\\Pipeline\\Pipeline.php(116): Illuminate\\Pipeline\\Pipeline->Illuminate\\Pipeline\\{closure}()
#18 E:\\projects\\Backend\\fitness-and-wellness\\vendor\\laravel\\framework\\src\\Illuminate\\Routing\\Router.php(798): Illuminate\\Pipeline\\Pipeline->then()
#19 E:\\projects\\Backend\\fitness-and-wellness\\vendor\\laravel\\framework\\src\\Illuminate\\Routing\\Router.php(777): Illuminate\\Routing\\Router->runRouteWithinStack()
#20 E:\\projects\\Backend\\fitness-and-wellness\\vendor\\laravel\\framework\\src\\Illuminate\\Routing\\Router.php(741): Illuminate\\Routing\\Router->runRoute()
#21 E:\\projects\\Backend\\fitness-and-wellness\\vendor\\laravel\\framework\\src\\Illuminate\\Routing\\Router.php(730): Illuminate\\Routing\\Router->dispatchToRoute()
#22 E:\\projects\\Backend\\fitness-and-wellness\\vendor\\laravel\\framework\\src\\Illuminate\\Foundation\\Http\\Kernel.php(200): Illuminate\\Routing\\Router->dispatch()
#23 E:\\projects\\Backend\\fitness-and-wellness\\vendor\\laravel\\framework\\src\\Illuminate\\Pipeline\\Pipeline.php(141): Illuminate\\Foundation\\Http\\Kernel->Illuminate\\Foundation\\Http\\{closure}()
#24 E:\\projects\\Backend\\fitness-and-wellness\\vendor\\laravel\\framework\\src\\Illuminate\\Foundation\\Http\\Middleware\\TransformsRequest.php(21): Illuminate\\Pipeline\\Pipeline->Illuminate\\Pipeline\\{closure}()
#25 E:\\projects\\Backend\\fitness-and-wellness\\vendor\\laravel\\framework\\src\\Illuminate\\Foundation\\Http\\Middleware\\ConvertEmptyStringsToNull.php(31): Illuminate\\Foundation\\Http\\Middleware\\TransformsRequest->handle()
#26 E:\\projects\\Backend\\fitness-and-wellness\\vendor\\laravel\\framework\\src\\Illuminate\\Pipeline\\Pipeline.php(180): Illuminate\\Foundation\\Http\\Middleware\\ConvertEmptyStringsToNull->handle()
#27 E:\\projects\\Backend\\fitness-and-wellness\\vendor\\laravel\\framework\\src\\Illuminate\\Foundation\\Http\\Middleware\\TransformsRequest.php(21): Illuminate\\Pipeline\\Pipeline->Illuminate\\Pipeline\\{closure}()
#28 E:\\projects\\Backend\\fitness-and-wellness\\vendor\\laravel\\framework\\src\\Illuminate\\Foundation\\Http\\Middleware\\TrimStrings.php(40): Illuminate\\Foundation\\Http\\Middleware\\TransformsRequest->handle()
#29 E:\\projects\\Backend\\fitness-and-wellness\\vendor\\laravel\\framework\\src\\Illuminate\\Pipeline\\Pipeline.php(180): Illuminate\\Foundation\\Http\\Middleware\\TrimStrings->handle()
#30 E:\\projects\\Backend\\fitness-and-wellness\\vendor\\laravel\\framework\\src\\Illuminate\\Foundation\\Http\\Middleware\\ValidatePostSize.php(27): Illuminate\\Pipeline\\Pipeline->Illuminate\\Pipeline\\{closure}()
#31 E:\\projects\\Backend\\fitness-and-wellness\\vendor\\laravel\\framework\\src\\Illuminate\\Pipeline\\Pipeline.php(180): Illuminate\\Foundation\\Http\\Middleware\\ValidatePostSize->handle()
#32 E:\\projects\\Backend\\fitness-and-wellness\\vendor\\laravel\\framework\\src\\Illuminate\\Foundation\\Http\\Middleware\\PreventRequestsDuringMaintenance.php(86): Illuminate\\Pipeline\\Pipeline->Illuminate\\Pipeline\\{closure}()
#33 E:\\projects\\Backend\\fitness-and-wellness\\vendor\\laravel\\framework\\src\\Illuminate\\Pipeline\\Pipeline.php(180): Illuminate\\Foundation\\Http\\Middleware\\PreventRequestsDuringMaintenance->handle()
#34 E:\\projects\\Backend\\fitness-and-wellness\\vendor\\laravel\\framework\\src\\Illuminate\\Http\\Middleware\\HandleCors.php(49): Illuminate\\Pipeline\\Pipeline->Illuminate\\Pipeline\\{closure}()
#35 E:\\projects\\Backend\\fitness-and-wellness\\vendor\\laravel\\framework\\src\\Illuminate\\Pipeline\\Pipeline.php(180): Illuminate\\Http\\Middleware\\HandleCors->handle()
#36 E:\\projects\\Backend\\fitness-and-wellness\\vendor\\laravel\\framework\\src\\Illuminate\\Http\\Middleware\\TrustProxies.php(39): Illuminate\\Pipeline\\Pipeline->Illuminate\\Pipeline\\{closure}()
#37 E:\\projects\\Backend\\fitness-and-wellness\\vendor\\laravel\\framework\\src\\Illuminate\\Pipeline\\Pipeline.php(180): Illuminate\\Http\\Middleware\\TrustProxies->handle()
#38 E:\\projects\\Backend\\fitness-and-wellness\\vendor\\laravel\\framework\\src\\Illuminate\\Pipeline\\Pipeline.php(116): Illuminate\\Pipeline\\Pipeline->Illuminate\\Pipeline\\{closure}()
#39 E:\\projects\\Backend\\fitness-and-wellness\\vendor\\laravel\\framework\\src\\Illuminate\\Foundation\\Http\\Kernel.php(175): Illuminate\\Pipeline\\Pipeline->then()
#40 E:\\projects\\Backend\\fitness-and-wellness\\vendor\\laravel\\framework\\src\\Illuminate\\Foundation\\Http\\Kernel.php(144): Illuminate\\Foundation\\Http\\Kernel->sendRequestThroughRouter()
#41 E:\\projects\\Backend\\fitness-and-wellness\\public\\index.php(51): Illuminate\\Foundation\\Http\\Kernel->handle()
#42 E:\\projects\\Backend\\fitness-and-wellness\\vendor\\laravel\\framework\\src\\Illuminate\\Foundation\\resources\\server.php(16): require_once('...')
#43 {main}
"} 
[2023-06-21 12:24:02] production.ERROR: No application encryption key has been specified. {"exception":"[object] (Illuminate\\Encryption\\MissingAppKeyException(code: 0): No application encryption key has been specified. at E:\\projects\\Backend\\fitness-and-wellness\\vendor\\laravel\\framework\\src\\Illuminate\\Encryption\\EncryptionServiceProvider.php:79)
[stacktrace]
#0 E:\\projects\\Backend\\fitness-and-wellness\\vendor\\laravel\\framework\\src\\Illuminate\\Support\\helpers.php(307): Illuminate\\Encryption\\EncryptionServiceProvider->Illuminate\\Encryption\\{closure}()
#1 E:\\projects\\Backend\\fitness-and-wellness\\vendor\\laravel\\framework\\src\\Illuminate\\Encryption\\EncryptionServiceProvider.php(77): tap()
#2 E:\\projects\\Backend\\fitness-and-wellness\\vendor\\laravel\\framework\\src\\Illuminate\\Encryption\\EncryptionServiceProvider.php(60): Illuminate\\Encryption\\EncryptionServiceProvider->key()
#3 E:\\projects\\Backend\\fitness-and-wellness\\vendor\\laravel\\framework\\src\\Illuminate\\Encryption\\EncryptionServiceProvider.php(32): Illuminate\\Encryption\\EncryptionServiceProvider->parseKey()
#4 E:\\projects\\Backend\\fitness-and-wellness\\vendor\\laravel\\framework\\src\\Illuminate\\Container\\Container.php(910): Illuminate\\Encryption\\EncryptionServiceProvider->Illuminate\\Encryption\\{closure}()
#5 E:\\projects\\Backend\\fitness-and-wellness\\vendor\\laravel\\framework\\src\\Illuminate\\Container\\Container.php(795): Illuminate\\Container\\Container->build()
#6 E:\\projects\\Backend\\fitness-and-wellness\\vendor\\laravel\\framework\\src\\Illuminate\\Foundation\\Application.php(933): Illuminate\\Container\\Container->resolve()
#7 E:\\projects\\Backend\\fitness-and-wellness\\vendor\\laravel\\framework\\src\\Illuminate\\Container\\Container.php(731): Illuminate\\Foundation\\Application->resolve()
#8 E:\\projects\\Backend\\fitness-and-wellness\\vendor\\laravel\\framework\\src\\Illuminate\\Foundation\\Application.php(918): Illuminate\\Container\\Container->make()
#9 E:\\projects\\Backend\\fitness-and-wellness\\vendor\\laravel\\framework\\src\\Illuminate\\Container\\Container.php(1068): Illuminate\\Foundation\\Application->make()
#10 E:\\projects\\Backend\\fitness-and-wellness\\vendor\\laravel\\framework\\src\\Illuminate\\Container\\Container.php(984): Illuminate\\Container\\Container->resolveClass()
#11 E:\\projects\\Backend\\fitness-and-wellness\\vendor\\laravel\\framework\\src\\Illuminate\\Container\\Container.php(945): Illuminate\\Container\\Container->resolveDependencies()
#12 E:\\projects\\Backend\\fitness-and-wellness\\vendor\\laravel\\framework\\src\\Illuminate\\Container\\Container.php(795): Illuminate\\Container\\Container->build()
#13 E:\\projects\\Backend\\fitness-and-wellness\\vendor\\laravel\\framework\\src\\Illuminate\\Foundation\\Application.php(933): Illuminate\\Container\\Container->resolve()
#14 E:\\projects\\Backend\\fitness-and-wellness\\vendor\\laravel\\framework\\src\\Illuminate\\Container\\Container.php(731): Illuminate\\Foundation\\Application->resolve()
#15 E:\\projects\\Backend\\fitness-and-wellness\\vendor\\laravel\\framework\\src\\Illuminate\\Foundation\\Application.php(918): Illuminate\\Container\\Container->make()
#16 E:\\projects\\Backend\\fitness-and-wellness\\vendor\\laravel\\framework\\src\\Illuminate\\Foundation\\Http\\Kernel.php(249): Illuminate\\Foundation\\Application->make()
#17 E:\\projects\\Backend\\fitness-and-wellness\\vendor\\laravel\\framework\\src\\Illuminate\\Foundation\\Http\\Kernel.php(213): Illuminate\\Foundation\\Http\\Kernel->terminateMiddleware()
#18 E:\\projects\\Backend\\fitness-and-wellness\\public\\index.php(55): Illuminate\\Foundation\\Http\\Kernel->terminate()
#19 E:\\projects\\Backend\\fitness-and-wellness\\vendor\\laravel\\framework\\src\\Illuminate\\Foundation\\resources\\server.php(16): require_once('...')
#20 {main}
"} 
[2023-06-21 12:31:43] production.ERROR: No application encryption key has been specified. {"exception":"[object] (Illuminate\\Encryption\\MissingAppKeyException(code: 0): No application encryption key has been specified. at E:\\projects\\Backend\\fitness-and-wellness\\vendor\\laravel\\framework\\src\\Illuminate\\Encryption\\EncryptionServiceProvider.php:79)
[stacktrace]
#0 E:\\projects\\Backend\\fitness-and-wellness\\vendor\\laravel\\framework\\src\\Illuminate\\Support\\helpers.php(307): Illuminate\\Encryption\\EncryptionServiceProvider->Illuminate\\Encryption\\{closure}()
#1 E:\\projects\\Backend\\fitness-and-wellness\\vendor\\laravel\\framework\\src\\Illuminate\\Encryption\\EncryptionServiceProvider.php(77): tap()
#2 E:\\projects\\Backend\\fitness-and-wellness\\vendor\\laravel\\framework\\src\\Illuminate\\Encryption\\EncryptionServiceProvider.php(60): Illuminate\\Encryption\\EncryptionServiceProvider->key()
#3 E:\\projects\\Backend\\fitness-and-wellness\\vendor\\laravel\\framework\\src\\Illuminate\\Encryption\\EncryptionServiceProvider.php(32): Illuminate\\Encryption\\EncryptionServiceProvider->parseKey()
#4 E:\\projects\\Backend\\fitness-and-wellness\\vendor\\laravel\\framework\\src\\Illuminate\\Container\\Container.php(910): Illuminate\\Encryption\\EncryptionServiceProvider->Illuminate\\Encryption\\{closure}()
#5 E:\\projects\\Backend\\fitness-and-wellness\\vendor\\laravel\\framework\\src\\Illuminate\\Container\\Container.php(795): Illuminate\\Container\\Container->build()
#6 E:\\projects\\Backend\\fitness-and-wellness\\vendor\\laravel\\framework\\src\\Illuminate\\Foundation\\Application.php(933): Illuminate\\Container\\Container->resolve()
#7 E:\\projects\\Backend\\fitness-and-wellness\\vendor\\laravel\\framework\\src\\Illuminate\\Container\\Container.php(731): Illuminate\\Foundation\\Application->resolve()
#8 E:\\projects\\Backend\\fitness-and-wellness\\vendor\\laravel\\framework\\src\\Illuminate\\Foundation\\Application.php(918): Illuminate\\Container\\Container->make()
#9 E:\\projects\\Backend\\fitness-and-wellness\\vendor\\laravel\\framework\\src\\Illuminate\\Container\\Container.php(1068): Illuminate\\Foundation\\Application->make()
#10 E:\\projects\\Backend\\fitness-and-wellness\\vendor\\laravel\\framework\\src\\Illuminate\\Container\\Container.php(984): Illuminate\\Container\\Container->resolveClass()
#11 E:\\projects\\Backend\\fitness-and-wellness\\vendor\\laravel\\framework\\src\\Illuminate\\Container\\Container.php(945): Illuminate\\Container\\Container->resolveDependencies()
#12 E:\\projects\\Backend\\fitness-and-wellness\\vendor\\laravel\\framework\\src\\Illuminate\\Container\\Container.php(795): Illuminate\\Container\\Container->build()
#13 E:\\projects\\Backend\\fitness-and-wellness\\vendor\\laravel\\framework\\src\\Illuminate\\Foundation\\Application.php(933): Illuminate\\Container\\Container->resolve()
#14 E:\\projects\\Backend\\fitness-and-wellness\\vendor\\laravel\\framework\\src\\Illuminate\\Container\\Container.php(731): Illuminate\\Foundation\\Application->resolve()
#15 E:\\projects\\Backend\\fitness-and-wellness\\vendor\\laravel\\framework\\src\\Illuminate\\Foundation\\Application.php(918): Illuminate\\Container\\Container->make()
#16 E:\\projects\\Backend\\fitness-and-wellness\\vendor\\laravel\\framework\\src\\Illuminate\\Pipeline\\Pipeline.php(169): Illuminate\\Foundation\\Application->make()
#17 E:\\projects\\Backend\\fitness-and-wellness\\vendor\\laravel\\framework\\src\\Illuminate\\Pipeline\\Pipeline.php(116): Illuminate\\Pipeline\\Pipeline->Illuminate\\Pipeline\\{closure}()
#18 E:\\projects\\Backend\\fitness-and-wellness\\vendor\\laravel\\framework\\src\\Illuminate\\Routing\\Router.php(798): Illuminate\\Pipeline\\Pipeline->then()
#19 E:\\projects\\Backend\\fitness-and-wellness\\vendor\\laravel\\framework\\src\\Illuminate\\Routing\\Router.php(777): Illuminate\\Routing\\Router->runRouteWithinStack()
#20 E:\\projects\\Backend\\fitness-and-wellness\\vendor\\laravel\\framework\\src\\Illuminate\\Routing\\Router.php(741): Illuminate\\Routing\\Router->runRoute()
#21 E:\\projects\\Backend\\fitness-and-wellness\\vendor\\laravel\\framework\\src\\Illuminate\\Routing\\Router.php(730): Illuminate\\Routing\\Router->dispatchToRoute()
#22 E:\\projects\\Backend\\fitness-and-wellness\\vendor\\laravel\\framework\\src\\Illuminate\\Foundation\\Http\\Kernel.php(200): Illuminate\\Routing\\Router->dispatch()
#23 E:\\projects\\Backend\\fitness-and-wellness\\vendor\\laravel\\framework\\src\\Illuminate\\Pipeline\\Pipeline.php(141): Illuminate\\Foundation\\Http\\Kernel->Illuminate\\Foundation\\Http\\{closure}()
#24 E:\\projects\\Backend\\fitness-and-wellness\\vendor\\laravel\\framework\\src\\Illuminate\\Foundation\\Http\\Middleware\\TransformsRequest.php(21): Illuminate\\Pipeline\\Pipeline->Illuminate\\Pipeline\\{closure}()
#25 E:\\projects\\Backend\\fitness-and-wellness\\vendor\\laravel\\framework\\src\\Illuminate\\Foundation\\Http\\Middleware\\ConvertEmptyStringsToNull.php(31): Illuminate\\Foundation\\Http\\Middleware\\TransformsRequest->handle()
#26 E:\\projects\\Backend\\fitness-and-wellness\\vendor\\laravel\\framework\\src\\Illuminate\\Pipeline\\Pipeline.php(180): Illuminate\\Foundation\\Http\\Middleware\\ConvertEmptyStringsToNull->handle()
#27 E:\\projects\\Backend\\fitness-and-wellness\\vendor\\laravel\\framework\\src\\Illuminate\\Foundation\\Http\\Middleware\\TransformsRequest.php(21): Illuminate\\Pipeline\\Pipeline->Illuminate\\Pipeline\\{closure}()
#28 E:\\projects\\Backend\\fitness-and-wellness\\vendor\\laravel\\framework\\src\\Illuminate\\Foundation\\Http\\Middleware\\TrimStrings.php(40): Illuminate\\Foundation\\Http\\Middleware\\TransformsRequest->handle()
#29 E:\\projects\\Backend\\fitness-and-wellness\\vendor\\laravel\\framework\\src\\Illuminate\\Pipeline\\Pipeline.php(180): Illuminate\\Foundation\\Http\\Middleware\\TrimStrings->handle()
#30 E:\\projects\\Backend\\fitness-and-wellness\\vendor\\laravel\\framework\\src\\Illuminate\\Foundation\\Http\\Middleware\\ValidatePostSize.php(27): Illuminate\\Pipeline\\Pipeline->Illuminate\\Pipeline\\{closure}()
#31 E:\\projects\\Backend\\fitness-and-wellness\\vendor\\laravel\\framework\\src\\Illuminate\\Pipeline\\Pipeline.php(180): Illuminate\\Foundation\\Http\\Middleware\\ValidatePostSize->handle()
#32 E:\\projects\\Backend\\fitness-and-wellness\\vendor\\laravel\\framework\\src\\Illuminate\\Foundation\\Http\\Middleware\\PreventRequestsDuringMaintenance.php(86): Illuminate\\Pipeline\\Pipeline->Illuminate\\Pipeline\\{closure}()
#33 E:\\projects\\Backend\\fitness-and-wellness\\vendor\\laravel\\framework\\src\\Illuminate\\Pipeline\\Pipeline.php(180): Illuminate\\Foundation\\Http\\Middleware\\PreventRequestsDuringMaintenance->handle()
#34 E:\\projects\\Backend\\fitness-and-wellness\\vendor\\laravel\\framework\\src\\Illuminate\\Http\\Middleware\\HandleCors.php(49): Illuminate\\Pipeline\\Pipeline->Illuminate\\Pipeline\\{closure}()
#35 E:\\projects\\Backend\\fitness-and-wellness\\vendor\\laravel\\framework\\src\\Illuminate\\Pipeline\\Pipeline.php(180): Illuminate\\Http\\Middleware\\HandleCors->handle()
#36 E:\\projects\\Backend\\fitness-and-wellness\\vendor\\laravel\\framework\\src\\Illuminate\\Http\\Middleware\\TrustProxies.php(39): Illuminate\\Pipeline\\Pipeline->Illuminate\\Pipeline\\{closure}()
#37 E:\\projects\\Backend\\fitness-and-wellness\\vendor\\laravel\\framework\\src\\Illuminate\\Pipeline\\Pipeline.php(180): Illuminate\\Http\\Middleware\\TrustProxies->handle()
#38 E:\\projects\\Backend\\fitness-and-wellness\\vendor\\laravel\\framework\\src\\Illuminate\\Pipeline\\Pipeline.php(116): Illuminate\\Pipeline\\Pipeline->Illuminate\\Pipeline\\{closure}()
#39 E:\\projects\\Backend\\fitness-and-wellness\\vendor\\laravel\\framework\\src\\Illuminate\\Foundation\\Http\\Kernel.php(175): Illuminate\\Pipeline\\Pipeline->then()
#40 E:\\projects\\Backend\\fitness-and-wellness\\vendor\\laravel\\framework\\src\\Illuminate\\Foundation\\Http\\Kernel.php(144): Illuminate\\Foundation\\Http\\Kernel->sendRequestThroughRouter()
#41 E:\\projects\\Backend\\fitness-and-wellness\\public\\index.php(51): Illuminate\\Foundation\\Http\\Kernel->handle()
#42 E:\\projects\\Backend\\fitness-and-wellness\\vendor\\laravel\\framework\\src\\Illuminate\\Foundation\\resources\\server.php(16): require_once('...')
#43 {main}
"} 
[2023-06-21 12:31:43] production.ERROR: No application encryption key has been specified. {"exception":"[object] (Illuminate\\Encryption\\MissingAppKeyException(code: 0): No application encryption key has been specified. at E:\\projects\\Backend\\fitness-and-wellness\\vendor\\laravel\\framework\\src\\Illuminate\\Encryption\\EncryptionServiceProvider.php:79)
[stacktrace]
#0 E:\\projects\\Backend\\fitness-and-wellness\\vendor\\laravel\\framework\\src\\Illuminate\\Support\\helpers.php(307): Illuminate\\Encryption\\EncryptionServiceProvider->Illuminate\\Encryption\\{closure}()
#1 E:\\projects\\Backend\\fitness-and-wellness\\vendor\\laravel\\framework\\src\\Illuminate\\Encryption\\EncryptionServiceProvider.php(77): tap()
#2 E:\\projects\\Backend\\fitness-and-wellness\\vendor\\laravel\\framework\\src\\Illuminate\\Encryption\\EncryptionServiceProvider.php(60): Illuminate\\Encryption\\EncryptionServiceProvider->key()
#3 E:\\projects\\Backend\\fitness-and-wellness\\vendor\\laravel\\framework\\src\\Illuminate\\Encryption\\EncryptionServiceProvider.php(32): Illuminate\\Encryption\\EncryptionServiceProvider->parseKey()
#4 E:\\projects\\Backend\\fitness-and-wellness\\vendor\\laravel\\framework\\src\\Illuminate\\Container\\Container.php(910): Illuminate\\Encryption\\EncryptionServiceProvider->Illuminate\\Encryption\\{closure}()
#5 E:\\projects\\Backend\\fitness-and-wellness\\vendor\\laravel\\framework\\src\\Illuminate\\Container\\Container.php(795): Illuminate\\Container\\Container->build()
#6 E:\\projects\\Backend\\fitness-and-wellness\\vendor\\laravel\\framework\\src\\Illuminate\\Foundation\\Application.php(933): Illuminate\\Container\\Container->resolve()
#7 E:\\projects\\Backend\\fitness-and-wellness\\vendor\\laravel\\framework\\src\\Illuminate\\Container\\Container.php(731): Illuminate\\Foundation\\Application->resolve()
#8 E:\\projects\\Backend\\fitness-and-wellness\\vendor\\laravel\\framework\\src\\Illuminate\\Foundation\\Application.php(918): Illuminate\\Container\\Container->make()
#9 E:\\projects\\Backend\\fitness-and-wellness\\vendor\\laravel\\framework\\src\\Illuminate\\Container\\Container.php(1068): Illuminate\\Foundation\\Application->make()
#10 E:\\projects\\Backend\\fitness-and-wellness\\vendor\\laravel\\framework\\src\\Illuminate\\Container\\Container.php(984): Illuminate\\Container\\Container->resolveClass()
#11 E:\\projects\\Backend\\fitness-and-wellness\\vendor\\laravel\\framework\\src\\Illuminate\\Container\\Container.php(945): Illuminate\\Container\\Container->resolveDependencies()
#12 E:\\projects\\Backend\\fitness-and-wellness\\vendor\\laravel\\framework\\src\\Illuminate\\Container\\Container.php(795): Illuminate\\Container\\Container->build()
#13 E:\\projects\\Backend\\fitness-and-wellness\\vendor\\laravel\\framework\\src\\Illuminate\\Foundation\\Application.php(933): Illuminate\\Container\\Container->resolve()
#14 E:\\projects\\Backend\\fitness-and-wellness\\vendor\\laravel\\framework\\src\\Illuminate\\Container\\Container.php(731): Illuminate\\Foundation\\Application->resolve()
#15 E:\\projects\\Backend\\fitness-and-wellness\\vendor\\laravel\\framework\\src\\Illuminate\\Foundation\\Application.php(918): Illuminate\\Container\\Container->make()
#16 E:\\projects\\Backend\\fitness-and-wellness\\vendor\\laravel\\framework\\src\\Illuminate\\Foundation\\Http\\Kernel.php(249): Illuminate\\Foundation\\Application->make()
#17 E:\\projects\\Backend\\fitness-and-wellness\\vendor\\laravel\\framework\\src\\Illuminate\\Foundation\\Http\\Kernel.php(213): Illuminate\\Foundation\\Http\\Kernel->terminateMiddleware()
#18 E:\\projects\\Backend\\fitness-and-wellness\\public\\index.php(55): Illuminate\\Foundation\\Http\\Kernel->terminate()
#19 E:\\projects\\Backend\\fitness-and-wellness\\vendor\\laravel\\framework\\src\\Illuminate\\Foundation\\resources\\server.php(16): require_once('...')
#20 {main}
"} 
[2023-06-21 12:31:47] production.ERROR: No application encryption key has been specified. {"exception":"[object] (Illuminate\\Encryption\\MissingAppKeyException(code: 0): No application encryption key has been specified. at E:\\projects\\Backend\\fitness-and-wellness\\vendor\\laravel\\framework\\src\\Illuminate\\Encryption\\EncryptionServiceProvider.php:79)
[stacktrace]
#0 E:\\projects\\Backend\\fitness-and-wellness\\vendor\\laravel\\framework\\src\\Illuminate\\Support\\helpers.php(307): Illuminate\\Encryption\\EncryptionServiceProvider->Illuminate\\Encryption\\{closure}()
#1 E:\\projects\\Backend\\fitness-and-wellness\\vendor\\laravel\\framework\\src\\Illuminate\\Encryption\\EncryptionServiceProvider.php(77): tap()
#2 E:\\projects\\Backend\\fitness-and-wellness\\vendor\\laravel\\framework\\src\\Illuminate\\Encryption\\EncryptionServiceProvider.php(60): Illuminate\\Encryption\\EncryptionServiceProvider->key()
#3 E:\\projects\\Backend\\fitness-and-wellness\\vendor\\laravel\\framework\\src\\Illuminate\\Encryption\\EncryptionServiceProvider.php(32): Illuminate\\Encryption\\EncryptionServiceProvider->parseKey()
#4 E:\\projects\\Backend\\fitness-and-wellness\\vendor\\laravel\\framework\\src\\Illuminate\\Container\\Container.php(910): Illuminate\\Encryption\\EncryptionServiceProvider->Illuminate\\Encryption\\{closure}()
#5 E:\\projects\\Backend\\fitness-and-wellness\\vendor\\laravel\\framework\\src\\Illuminate\\Container\\Container.php(795): Illuminate\\Container\\Container->build()
#6 E:\\projects\\Backend\\fitness-and-wellness\\vendor\\laravel\\framework\\src\\Illuminate\\Foundation\\Application.php(933): Illuminate\\Container\\Container->resolve()
#7 E:\\projects\\Backend\\fitness-and-wellness\\vendor\\laravel\\framework\\src\\Illuminate\\Container\\Container.php(731): Illuminate\\Foundation\\Application->resolve()
#8 E:\\projects\\Backend\\fitness-and-wellness\\vendor\\laravel\\framework\\src\\Illuminate\\Foundation\\Application.php(918): Illuminate\\Container\\Container->make()
#9 E:\\projects\\Backend\\fitness-and-wellness\\vendor\\laravel\\framework\\src\\Illuminate\\Container\\Container.php(1068): Illuminate\\Foundation\\Application->make()
#10 E:\\projects\\Backend\\fitness-and-wellness\\vendor\\laravel\\framework\\src\\Illuminate\\Container\\Container.php(984): Illuminate\\Container\\Container->resolveClass()
#11 E:\\projects\\Backend\\fitness-and-wellness\\vendor\\laravel\\framework\\src\\Illuminate\\Container\\Container.php(945): Illuminate\\Container\\Container->resolveDependencies()
#12 E:\\projects\\Backend\\fitness-and-wellness\\vendor\\laravel\\framework\\src\\Illuminate\\Container\\Container.php(795): Illuminate\\Container\\Container->build()
#13 E:\\projects\\Backend\\fitness-and-wellness\\vendor\\laravel\\framework\\src\\Illuminate\\Foundation\\Application.php(933): Illuminate\\Container\\Container->resolve()
#14 E:\\projects\\Backend\\fitness-and-wellness\\vendor\\laravel\\framework\\src\\Illuminate\\Container\\Container.php(731): Illuminate\\Foundation\\Application->resolve()
#15 E:\\projects\\Backend\\fitness-and-wellness\\vendor\\laravel\\framework\\src\\Illuminate\\Foundation\\Application.php(918): Illuminate\\Container\\Container->make()
#16 E:\\projects\\Backend\\fitness-and-wellness\\vendor\\laravel\\framework\\src\\Illuminate\\Pipeline\\Pipeline.php(169): Illuminate\\Foundation\\Application->make()
#17 E:\\projects\\Backend\\fitness-and-wellness\\vendor\\laravel\\framework\\src\\Illuminate\\Pipeline\\Pipeline.php(116): Illuminate\\Pipeline\\Pipeline->Illuminate\\Pipeline\\{closure}()
#18 E:\\projects\\Backend\\fitness-and-wellness\\vendor\\laravel\\framework\\src\\Illuminate\\Routing\\Router.php(798): Illuminate\\Pipeline\\Pipeline->then()
#19 E:\\projects\\Backend\\fitness-and-wellness\\vendor\\laravel\\framework\\src\\Illuminate\\Routing\\Router.php(777): Illuminate\\Routing\\Router->runRouteWithinStack()
#20 E:\\projects\\Backend\\fitness-and-wellness\\vendor\\laravel\\framework\\src\\Illuminate\\Routing\\Router.php(741): Illuminate\\Routing\\Router->runRoute()
#21 E:\\projects\\Backend\\fitness-and-wellness\\vendor\\laravel\\framework\\src\\Illuminate\\Routing\\Router.php(730): Illuminate\\Routing\\Router->dispatchToRoute()
#22 E:\\projects\\Backend\\fitness-and-wellness\\vendor\\laravel\\framework\\src\\Illuminate\\Foundation\\Http\\Kernel.php(200): Illuminate\\Routing\\Router->dispatch()
#23 E:\\projects\\Backend\\fitness-and-wellness\\vendor\\laravel\\framework\\src\\Illuminate\\Pipeline\\Pipeline.php(141): Illuminate\\Foundation\\Http\\Kernel->Illuminate\\Foundation\\Http\\{closure}()
#24 E:\\projects\\Backend\\fitness-and-wellness\\vendor\\laravel\\framework\\src\\Illuminate\\Foundation\\Http\\Middleware\\TransformsRequest.php(21): Illuminate\\Pipeline\\Pipeline->Illuminate\\Pipeline\\{closure}()
#25 E:\\projects\\Backend\\fitness-and-wellness\\vendor\\laravel\\framework\\src\\Illuminate\\Foundation\\Http\\Middleware\\ConvertEmptyStringsToNull.php(31): Illuminate\\Foundation\\Http\\Middleware\\TransformsRequest->handle()
#26 E:\\projects\\Backend\\fitness-and-wellness\\vendor\\laravel\\framework\\src\\Illuminate\\Pipeline\\Pipeline.php(180): Illuminate\\Foundation\\Http\\Middleware\\ConvertEmptyStringsToNull->handle()
#27 E:\\projects\\Backend\\fitness-and-wellness\\vendor\\laravel\\framework\\src\\Illuminate\\Foundation\\Http\\Middleware\\TransformsRequest.php(21): Illuminate\\Pipeline\\Pipeline->Illuminate\\Pipeline\\{closure}()
#28 E:\\projects\\Backend\\fitness-and-wellness\\vendor\\laravel\\framework\\src\\Illuminate\\Foundation\\Http\\Middleware\\TrimStrings.php(40): Illuminate\\Foundation\\Http\\Middleware\\TransformsRequest->handle()
#29 E:\\projects\\Backend\\fitness-and-wellness\\vendor\\laravel\\framework\\src\\Illuminate\\Pipeline\\Pipeline.php(180): Illuminate\\Foundation\\Http\\Middleware\\TrimStrings->handle()
#30 E:\\projects\\Backend\\fitness-and-wellness\\vendor\\laravel\\framework\\src\\Illuminate\\Foundation\\Http\\Middleware\\ValidatePostSize.php(27): Illuminate\\Pipeline\\Pipeline->Illuminate\\Pipeline\\{closure}()
#31 E:\\projects\\Backend\\fitness-and-wellness\\vendor\\laravel\\framework\\src\\Illuminate\\Pipeline\\Pipeline.php(180): Illuminate\\Foundation\\Http\\Middleware\\ValidatePostSize->handle()
#32 E:\\projects\\Backend\\fitness-and-wellness\\vendor\\laravel\\framework\\src\\Illuminate\\Foundation\\Http\\Middleware\\PreventRequestsDuringMaintenance.php(86): Illuminate\\Pipeline\\Pipeline->Illuminate\\Pipeline\\{closure}()
#33 E:\\projects\\Backend\\fitness-and-wellness\\vendor\\laravel\\framework\\src\\Illuminate\\Pipeline\\Pipeline.php(180): Illuminate\\Foundation\\Http\\Middleware\\PreventRequestsDuringMaintenance->handle()
#34 E:\\projects\\Backend\\fitness-and-wellness\\vendor\\laravel\\framework\\src\\Illuminate\\Http\\Middleware\\HandleCors.php(49): Illuminate\\Pipeline\\Pipeline->Illuminate\\Pipeline\\{closure}()
#35 E:\\projects\\Backend\\fitness-and-wellness\\vendor\\laravel\\framework\\src\\Illuminate\\Pipeline\\Pipeline.php(180): Illuminate\\Http\\Middleware\\HandleCors->handle()
#36 E:\\projects\\Backend\\fitness-and-wellness\\vendor\\laravel\\framework\\src\\Illuminate\\Http\\Middleware\\TrustProxies.php(39): Illuminate\\Pipeline\\Pipeline->Illuminate\\Pipeline\\{closure}()
#37 E:\\projects\\Backend\\fitness-and-wellness\\vendor\\laravel\\framework\\src\\Illuminate\\Pipeline\\Pipeline.php(180): Illuminate\\Http\\Middleware\\TrustProxies->handle()
#38 E:\\projects\\Backend\\fitness-and-wellness\\vendor\\laravel\\framework\\src\\Illuminate\\Pipeline\\Pipeline.php(116): Illuminate\\Pipeline\\Pipeline->Illuminate\\Pipeline\\{closure}()
#39 E:\\projects\\Backend\\fitness-and-wellness\\vendor\\laravel\\framework\\src\\Illuminate\\Foundation\\Http\\Kernel.php(175): Illuminate\\Pipeline\\Pipeline->then()
#40 E:\\projects\\Backend\\fitness-and-wellness\\vendor\\laravel\\framework\\src\\Illuminate\\Foundation\\Http\\Kernel.php(144): Illuminate\\Foundation\\Http\\Kernel->sendRequestThroughRouter()
#41 E:\\projects\\Backend\\fitness-and-wellness\\public\\index.php(51): Illuminate\\Foundation\\Http\\Kernel->handle()
#42 E:\\projects\\Backend\\fitness-and-wellness\\vendor\\laravel\\framework\\src\\Illuminate\\Foundation\\resources\\server.php(16): require_once('...')
#43 {main}
"} 
[2023-06-21 12:31:47] production.ERROR: No application encryption key has been specified. {"exception":"[object] (Illuminate\\Encryption\\MissingAppKeyException(code: 0): No application encryption key has been specified. at E:\\projects\\Backend\\fitness-and-wellness\\vendor\\laravel\\framework\\src\\Illuminate\\Encryption\\EncryptionServiceProvider.php:79)
[stacktrace]
#0 E:\\projects\\Backend\\fitness-and-wellness\\vendor\\laravel\\framework\\src\\Illuminate\\Support\\helpers.php(307): Illuminate\\Encryption\\EncryptionServiceProvider->Illuminate\\Encryption\\{closure}()
#1 E:\\projects\\Backend\\fitness-and-wellness\\vendor\\laravel\\framework\\src\\Illuminate\\Encryption\\EncryptionServiceProvider.php(77): tap()
#2 E:\\projects\\Backend\\fitness-and-wellness\\vendor\\laravel\\framework\\src\\Illuminate\\Encryption\\EncryptionServiceProvider.php(60): Illuminate\\Encryption\\EncryptionServiceProvider->key()
#3 E:\\projects\\Backend\\fitness-and-wellness\\vendor\\laravel\\framework\\src\\Illuminate\\Encryption\\EncryptionServiceProvider.php(32): Illuminate\\Encryption\\EncryptionServiceProvider->parseKey()
#4 E:\\projects\\Backend\\fitness-and-wellness\\vendor\\laravel\\framework\\src\\Illuminate\\Container\\Container.php(910): Illuminate\\Encryption\\EncryptionServiceProvider->Illuminate\\Encryption\\{closure}()
#5 E:\\projects\\Backend\\fitness-and-wellness\\vendor\\laravel\\framework\\src\\Illuminate\\Container\\Container.php(795): Illuminate\\Container\\Container->build()
#6 E:\\projects\\Backend\\fitness-and-wellness\\vendor\\laravel\\framework\\src\\Illuminate\\Foundation\\Application.php(933): Illuminate\\Container\\Container->resolve()
#7 E:\\projects\\Backend\\fitness-and-wellness\\vendor\\laravel\\framework\\src\\Illuminate\\Container\\Container.php(731): Illuminate\\Foundation\\Application->resolve()
#8 E:\\projects\\Backend\\fitness-and-wellness\\vendor\\laravel\\framework\\src\\Illuminate\\Foundation\\Application.php(918): Illuminate\\Container\\Container->make()
#9 E:\\projects\\Backend\\fitness-and-wellness\\vendor\\laravel\\framework\\src\\Illuminate\\Container\\Container.php(1068): Illuminate\\Foundation\\Application->make()
#10 E:\\projects\\Backend\\fitness-and-wellness\\vendor\\laravel\\framework\\src\\Illuminate\\Container\\Container.php(984): Illuminate\\Container\\Container->resolveClass()
#11 E:\\projects\\Backend\\fitness-and-wellness\\vendor\\laravel\\framework\\src\\Illuminate\\Container\\Container.php(945): Illuminate\\Container\\Container->resolveDependencies()
#12 E:\\projects\\Backend\\fitness-and-wellness\\vendor\\laravel\\framework\\src\\Illuminate\\Container\\Container.php(795): Illuminate\\Container\\Container->build()
#13 E:\\projects\\Backend\\fitness-and-wellness\\vendor\\laravel\\framework\\src\\Illuminate\\Foundation\\Application.php(933): Illuminate\\Container\\Container->resolve()
#14 E:\\projects\\Backend\\fitness-and-wellness\\vendor\\laravel\\framework\\src\\Illuminate\\Container\\Container.php(731): Illuminate\\Foundation\\Application->resolve()
#15 E:\\projects\\Backend\\fitness-and-wellness\\vendor\\laravel\\framework\\src\\Illuminate\\Foundation\\Application.php(918): Illuminate\\Container\\Container->make()
#16 E:\\projects\\Backend\\fitness-and-wellness\\vendor\\laravel\\framework\\src\\Illuminate\\Foundation\\Http\\Kernel.php(249): Illuminate\\Foundation\\Application->make()
#17 E:\\projects\\Backend\\fitness-and-wellness\\vendor\\laravel\\framework\\src\\Illuminate\\Foundation\\Http\\Kernel.php(213): Illuminate\\Foundation\\Http\\Kernel->terminateMiddleware()
#18 E:\\projects\\Backend\\fitness-and-wellness\\public\\index.php(55): Illuminate\\Foundation\\Http\\Kernel->terminate()
#19 E:\\projects\\Backend\\fitness-and-wellness\\vendor\\laravel\\framework\\src\\Illuminate\\Foundation\\resources\\server.php(16): require_once('...')
#20 {main}
"} 
[2023-06-21 12:33:14] production.ERROR: No application encryption key has been specified. {"exception":"[object] (Illuminate\\Encryption\\MissingAppKeyException(code: 0): No application encryption key has been specified. at E:\\projects\\Backend\\fitness-and-wellness\\vendor\\laravel\\framework\\src\\Illuminate\\Encryption\\EncryptionServiceProvider.php:79)
[stacktrace]
#0 E:\\projects\\Backend\\fitness-and-wellness\\vendor\\laravel\\framework\\src\\Illuminate\\Support\\helpers.php(307): Illuminate\\Encryption\\EncryptionServiceProvider->Illuminate\\Encryption\\{closure}()
#1 E:\\projects\\Backend\\fitness-and-wellness\\vendor\\laravel\\framework\\src\\Illuminate\\Encryption\\EncryptionServiceProvider.php(77): tap()
#2 E:\\projects\\Backend\\fitness-and-wellness\\vendor\\laravel\\framework\\src\\Illuminate\\Encryption\\EncryptionServiceProvider.php(60): Illuminate\\Encryption\\EncryptionServiceProvider->key()
#3 E:\\projects\\Backend\\fitness-and-wellness\\vendor\\laravel\\framework\\src\\Illuminate\\Encryption\\EncryptionServiceProvider.php(32): Illuminate\\Encryption\\EncryptionServiceProvider->parseKey()
#4 E:\\projects\\Backend\\fitness-and-wellness\\vendor\\laravel\\framework\\src\\Illuminate\\Container\\Container.php(910): Illuminate\\Encryption\\EncryptionServiceProvider->Illuminate\\Encryption\\{closure}()
#5 E:\\projects\\Backend\\fitness-and-wellness\\vendor\\laravel\\framework\\src\\Illuminate\\Container\\Container.php(795): Illuminate\\Container\\Container->build()
#6 E:\\projects\\Backend\\fitness-and-wellness\\vendor\\laravel\\framework\\src\\Illuminate\\Foundation\\Application.php(933): Illuminate\\Container\\Container->resolve()
#7 E:\\projects\\Backend\\fitness-and-wellness\\vendor\\laravel\\framework\\src\\Illuminate\\Container\\Container.php(731): Illuminate\\Foundation\\Application->resolve()
#8 E:\\projects\\Backend\\fitness-and-wellness\\vendor\\laravel\\framework\\src\\Illuminate\\Foundation\\Application.php(918): Illuminate\\Container\\Container->make()
#9 E:\\projects\\Backend\\fitness-and-wellness\\vendor\\laravel\\framework\\src\\Illuminate\\Container\\Container.php(1068): Illuminate\\Foundation\\Application->make()
#10 E:\\projects\\Backend\\fitness-and-wellness\\vendor\\laravel\\framework\\src\\Illuminate\\Container\\Container.php(984): Illuminate\\Container\\Container->resolveClass()
#11 E:\\projects\\Backend\\fitness-and-wellness\\vendor\\laravel\\framework\\src\\Illuminate\\Container\\Container.php(945): Illuminate\\Container\\Container->resolveDependencies()
#12 E:\\projects\\Backend\\fitness-and-wellness\\vendor\\laravel\\framework\\src\\Illuminate\\Container\\Container.php(795): Illuminate\\Container\\Container->build()
#13 E:\\projects\\Backend\\fitness-and-wellness\\vendor\\laravel\\framework\\src\\Illuminate\\Foundation\\Application.php(933): Illuminate\\Container\\Container->resolve()
#14 E:\\projects\\Backend\\fitness-and-wellness\\vendor\\laravel\\framework\\src\\Illuminate\\Container\\Container.php(731): Illuminate\\Foundation\\Application->resolve()
#15 E:\\projects\\Backend\\fitness-and-wellness\\vendor\\laravel\\framework\\src\\Illuminate\\Foundation\\Application.php(918): Illuminate\\Container\\Container->make()
#16 E:\\projects\\Backend\\fitness-and-wellness\\vendor\\laravel\\framework\\src\\Illuminate\\Pipeline\\Pipeline.php(169): Illuminate\\Foundation\\Application->make()
#17 E:\\projects\\Backend\\fitness-and-wellness\\vendor\\laravel\\framework\\src\\Illuminate\\Pipeline\\Pipeline.php(116): Illuminate\\Pipeline\\Pipeline->Illuminate\\Pipeline\\{closure}()
#18 E:\\projects\\Backend\\fitness-and-wellness\\vendor\\laravel\\framework\\src\\Illuminate\\Routing\\Router.php(798): Illuminate\\Pipeline\\Pipeline->then()
#19 E:\\projects\\Backend\\fitness-and-wellness\\vendor\\laravel\\framework\\src\\Illuminate\\Routing\\Router.php(777): Illuminate\\Routing\\Router->runRouteWithinStack()
#20 E:\\projects\\Backend\\fitness-and-wellness\\vendor\\laravel\\framework\\src\\Illuminate\\Routing\\Router.php(741): Illuminate\\Routing\\Router->runRoute()
#21 E:\\projects\\Backend\\fitness-and-wellness\\vendor\\laravel\\framework\\src\\Illuminate\\Routing\\Router.php(730): Illuminate\\Routing\\Router->dispatchToRoute()
#22 E:\\projects\\Backend\\fitness-and-wellness\\vendor\\laravel\\framework\\src\\Illuminate\\Foundation\\Http\\Kernel.php(200): Illuminate\\Routing\\Router->dispatch()
#23 E:\\projects\\Backend\\fitness-and-wellness\\vendor\\laravel\\framework\\src\\Illuminate\\Pipeline\\Pipeline.php(141): Illuminate\\Foundation\\Http\\Kernel->Illuminate\\Foundation\\Http\\{closure}()
#24 E:\\projects\\Backend\\fitness-and-wellness\\vendor\\laravel\\framework\\src\\Illuminate\\Foundation\\Http\\Middleware\\TransformsRequest.php(21): Illuminate\\Pipeline\\Pipeline->Illuminate\\Pipeline\\{closure}()
#25 E:\\projects\\Backend\\fitness-and-wellness\\vendor\\laravel\\framework\\src\\Illuminate\\Foundation\\Http\\Middleware\\ConvertEmptyStringsToNull.php(31): Illuminate\\Foundation\\Http\\Middleware\\TransformsRequest->handle()
#26 E:\\projects\\Backend\\fitness-and-wellness\\vendor\\laravel\\framework\\src\\Illuminate\\Pipeline\\Pipeline.php(180): Illuminate\\Foundation\\Http\\Middleware\\ConvertEmptyStringsToNull->handle()
#27 E:\\projects\\Backend\\fitness-and-wellness\\vendor\\laravel\\framework\\src\\Illuminate\\Foundation\\Http\\Middleware\\TransformsRequest.php(21): Illuminate\\Pipeline\\Pipeline->Illuminate\\Pipeline\\{closure}()
#28 E:\\projects\\Backend\\fitness-and-wellness\\vendor\\laravel\\framework\\src\\Illuminate\\Foundation\\Http\\Middleware\\TrimStrings.php(40): Illuminate\\Foundation\\Http\\Middleware\\TransformsRequest->handle()
#29 E:\\projects\\Backend\\fitness-and-wellness\\vendor\\laravel\\framework\\src\\Illuminate\\Pipeline\\Pipeline.php(180): Illuminate\\Foundation\\Http\\Middleware\\TrimStrings->handle()
#30 E:\\projects\\Backend\\fitness-and-wellness\\vendor\\laravel\\framework\\src\\Illuminate\\Foundation\\Http\\Middleware\\ValidatePostSize.php(27): Illuminate\\Pipeline\\Pipeline->Illuminate\\Pipeline\\{closure}()
#31 E:\\projects\\Backend\\fitness-and-wellness\\vendor\\laravel\\framework\\src\\Illuminate\\Pipeline\\Pipeline.php(180): Illuminate\\Foundation\\Http\\Middleware\\ValidatePostSize->handle()
#32 E:\\projects\\Backend\\fitness-and-wellness\\vendor\\laravel\\framework\\src\\Illuminate\\Foundation\\Http\\Middleware\\PreventRequestsDuringMaintenance.php(86): Illuminate\\Pipeline\\Pipeline->Illuminate\\Pipeline\\{closure}()
#33 E:\\projects\\Backend\\fitness-and-wellness\\vendor\\laravel\\framework\\src\\Illuminate\\Pipeline\\Pipeline.php(180): Illuminate\\Foundation\\Http\\Middleware\\PreventRequestsDuringMaintenance->handle()
#34 E:\\projects\\Backend\\fitness-and-wellness\\vendor\\laravel\\framework\\src\\Illuminate\\Http\\Middleware\\HandleCors.php(49): Illuminate\\Pipeline\\Pipeline->Illuminate\\Pipeline\\{closure}()
#35 E:\\projects\\Backend\\fitness-and-wellness\\vendor\\laravel\\framework\\src\\Illuminate\\Pipeline\\Pipeline.php(180): Illuminate\\Http\\Middleware\\HandleCors->handle()
#36 E:\\projects\\Backend\\fitness-and-wellness\\vendor\\laravel\\framework\\src\\Illuminate\\Http\\Middleware\\TrustProxies.php(39): Illuminate\\Pipeline\\Pipeline->Illuminate\\Pipeline\\{closure}()
#37 E:\\projects\\Backend\\fitness-and-wellness\\vendor\\laravel\\framework\\src\\Illuminate\\Pipeline\\Pipeline.php(180): Illuminate\\Http\\Middleware\\TrustProxies->handle()
#38 E:\\projects\\Backend\\fitness-and-wellness\\vendor\\laravel\\framework\\src\\Illuminate\\Pipeline\\Pipeline.php(116): Illuminate\\Pipeline\\Pipeline->Illuminate\\Pipeline\\{closure}()
#39 E:\\projects\\Backend\\fitness-and-wellness\\vendor\\laravel\\framework\\src\\Illuminate\\Foundation\\Http\\Kernel.php(175): Illuminate\\Pipeline\\Pipeline->then()
#40 E:\\projects\\Backend\\fitness-and-wellness\\vendor\\laravel\\framework\\src\\Illuminate\\Foundation\\Http\\Kernel.php(144): Illuminate\\Foundation\\Http\\Kernel->sendRequestThroughRouter()
#41 E:\\projects\\Backend\\fitness-and-wellness\\public\\index.php(51): Illuminate\\Foundation\\Http\\Kernel->handle()
#42 E:\\projects\\Backend\\fitness-and-wellness\\vendor\\laravel\\framework\\src\\Illuminate\\Foundation\\resources\\server.php(16): require_once('...')
#43 {main}
"} 
[2023-06-21 12:33:14] production.ERROR: No application encryption key has been specified. {"exception":"[object] (Illuminate\\Encryption\\MissingAppKeyException(code: 0): No application encryption key has been specified. at E:\\projects\\Backend\\fitness-and-wellness\\vendor\\laravel\\framework\\src\\Illuminate\\Encryption\\EncryptionServiceProvider.php:79)
[stacktrace]
#0 E:\\projects\\Backend\\fitness-and-wellness\\vendor\\laravel\\framework\\src\\Illuminate\\Support\\helpers.php(307): Illuminate\\Encryption\\EncryptionServiceProvider->Illuminate\\Encryption\\{closure}()
#1 E:\\projects\\Backend\\fitness-and-wellness\\vendor\\laravel\\framework\\src\\Illuminate\\Encryption\\EncryptionServiceProvider.php(77): tap()
#2 E:\\projects\\Backend\\fitness-and-wellness\\vendor\\laravel\\framework\\src\\Illuminate\\Encryption\\EncryptionServiceProvider.php(60): Illuminate\\Encryption\\EncryptionServiceProvider->key()
#3 E:\\projects\\Backend\\fitness-and-wellness\\vendor\\laravel\\framework\\src\\Illuminate\\Encryption\\EncryptionServiceProvider.php(32): Illuminate\\Encryption\\EncryptionServiceProvider->parseKey()
#4 E:\\projects\\Backend\\fitness-and-wellness\\vendor\\laravel\\framework\\src\\Illuminate\\Container\\Container.php(910): Illuminate\\Encryption\\EncryptionServiceProvider->Illuminate\\Encryption\\{closure}()
#5 E:\\projects\\Backend\\fitness-and-wellness\\vendor\\laravel\\framework\\src\\Illuminate\\Container\\Container.php(795): Illuminate\\Container\\Container->build()
#6 E:\\projects\\Backend\\fitness-and-wellness\\vendor\\laravel\\framework\\src\\Illuminate\\Foundation\\Application.php(933): Illuminate\\Container\\Container->resolve()
#7 E:\\projects\\Backend\\fitness-and-wellness\\vendor\\laravel\\framework\\src\\Illuminate\\Container\\Container.php(731): Illuminate\\Foundation\\Application->resolve()
#8 E:\\projects\\Backend\\fitness-and-wellness\\vendor\\laravel\\framework\\src\\Illuminate\\Foundation\\Application.php(918): Illuminate\\Container\\Container->make()
#9 E:\\projects\\Backend\\fitness-and-wellness\\vendor\\laravel\\framework\\src\\Illuminate\\Container\\Container.php(1068): Illuminate\\Foundation\\Application->make()
#10 E:\\projects\\Backend\\fitness-and-wellness\\vendor\\laravel\\framework\\src\\Illuminate\\Container\\Container.php(984): Illuminate\\Container\\Container->resolveClass()
#11 E:\\projects\\Backend\\fitness-and-wellness\\vendor\\laravel\\framework\\src\\Illuminate\\Container\\Container.php(945): Illuminate\\Container\\Container->resolveDependencies()
#12 E:\\projects\\Backend\\fitness-and-wellness\\vendor\\laravel\\framework\\src\\Illuminate\\Container\\Container.php(795): Illuminate\\Container\\Container->build()
#13 E:\\projects\\Backend\\fitness-and-wellness\\vendor\\laravel\\framework\\src\\Illuminate\\Foundation\\Application.php(933): Illuminate\\Container\\Container->resolve()
#14 E:\\projects\\Backend\\fitness-and-wellness\\vendor\\laravel\\framework\\src\\Illuminate\\Container\\Container.php(731): Illuminate\\Foundation\\Application->resolve()
#15 E:\\projects\\Backend\\fitness-and-wellness\\vendor\\laravel\\framework\\src\\Illuminate\\Foundation\\Application.php(918): Illuminate\\Container\\Container->make()
#16 E:\\projects\\Backend\\fitness-and-wellness\\vendor\\laravel\\framework\\src\\Illuminate\\Foundation\\Http\\Kernel.php(249): Illuminate\\Foundation\\Application->make()
#17 E:\\projects\\Backend\\fitness-and-wellness\\vendor\\laravel\\framework\\src\\Illuminate\\Foundation\\Http\\Kernel.php(213): Illuminate\\Foundation\\Http\\Kernel->terminateMiddleware()
#18 E:\\projects\\Backend\\fitness-and-wellness\\public\\index.php(55): Illuminate\\Foundation\\Http\\Kernel->terminate()
#19 E:\\projects\\Backend\\fitness-and-wellness\\vendor\\laravel\\framework\\src\\Illuminate\\Foundation\\resources\\server.php(16): require_once('...')
#20 {main}
"} 
[2023-06-21 12:33:17] production.ERROR: No application encryption key has been specified. {"exception":"[object] (Illuminate\\Encryption\\MissingAppKeyException(code: 0): No application encryption key has been specified. at E:\\projects\\Backend\\fitness-and-wellness\\vendor\\laravel\\framework\\src\\Illuminate\\Encryption\\EncryptionServiceProvider.php:79)
[stacktrace]
#0 E:\\projects\\Backend\\fitness-and-wellness\\vendor\\laravel\\framework\\src\\Illuminate\\Support\\helpers.php(307): Illuminate\\Encryption\\EncryptionServiceProvider->Illuminate\\Encryption\\{closure}()
#1 E:\\projects\\Backend\\fitness-and-wellness\\vendor\\laravel\\framework\\src\\Illuminate\\Encryption\\EncryptionServiceProvider.php(77): tap()
#2 E:\\projects\\Backend\\fitness-and-wellness\\vendor\\laravel\\framework\\src\\Illuminate\\Encryption\\EncryptionServiceProvider.php(60): Illuminate\\Encryption\\EncryptionServiceProvider->key()
#3 E:\\projects\\Backend\\fitness-and-wellness\\vendor\\laravel\\framework\\src\\Illuminate\\Encryption\\EncryptionServiceProvider.php(32): Illuminate\\Encryption\\EncryptionServiceProvider->parseKey()
#4 E:\\projects\\Backend\\fitness-and-wellness\\vendor\\laravel\\framework\\src\\Illuminate\\Container\\Container.php(910): Illuminate\\Encryption\\EncryptionServiceProvider->Illuminate\\Encryption\\{closure}()
#5 E:\\projects\\Backend\\fitness-and-wellness\\vendor\\laravel\\framework\\src\\Illuminate\\Container\\Container.php(795): Illuminate\\Container\\Container->build()
#6 E:\\projects\\Backend\\fitness-and-wellness\\vendor\\laravel\\framework\\src\\Illuminate\\Foundation\\Application.php(933): Illuminate\\Container\\Container->resolve()
#7 E:\\projects\\Backend\\fitness-and-wellness\\vendor\\laravel\\framework\\src\\Illuminate\\Container\\Container.php(731): Illuminate\\Foundation\\Application->resolve()
#8 E:\\projects\\Backend\\fitness-and-wellness\\vendor\\laravel\\framework\\src\\Illuminate\\Foundation\\Application.php(918): Illuminate\\Container\\Container->make()
#9 E:\\projects\\Backend\\fitness-and-wellness\\vendor\\laravel\\framework\\src\\Illuminate\\Container\\Container.php(1068): Illuminate\\Foundation\\Application->make()
#10 E:\\projects\\Backend\\fitness-and-wellness\\vendor\\laravel\\framework\\src\\Illuminate\\Container\\Container.php(984): Illuminate\\Container\\Container->resolveClass()
#11 E:\\projects\\Backend\\fitness-and-wellness\\vendor\\laravel\\framework\\src\\Illuminate\\Container\\Container.php(945): Illuminate\\Container\\Container->resolveDependencies()
#12 E:\\projects\\Backend\\fitness-and-wellness\\vendor\\laravel\\framework\\src\\Illuminate\\Container\\Container.php(795): Illuminate\\Container\\Container->build()
#13 E:\\projects\\Backend\\fitness-and-wellness\\vendor\\laravel\\framework\\src\\Illuminate\\Foundation\\Application.php(933): Illuminate\\Container\\Container->resolve()
#14 E:\\projects\\Backend\\fitness-and-wellness\\vendor\\laravel\\framework\\src\\Illuminate\\Container\\Container.php(731): Illuminate\\Foundation\\Application->resolve()
#15 E:\\projects\\Backend\\fitness-and-wellness\\vendor\\laravel\\framework\\src\\Illuminate\\Foundation\\Application.php(918): Illuminate\\Container\\Container->make()
#16 E:\\projects\\Backend\\fitness-and-wellness\\vendor\\laravel\\framework\\src\\Illuminate\\Pipeline\\Pipeline.php(169): Illuminate\\Foundation\\Application->make()
#17 E:\\projects\\Backend\\fitness-and-wellness\\vendor\\laravel\\framework\\src\\Illuminate\\Pipeline\\Pipeline.php(116): Illuminate\\Pipeline\\Pipeline->Illuminate\\Pipeline\\{closure}()
#18 E:\\projects\\Backend\\fitness-and-wellness\\vendor\\laravel\\framework\\src\\Illuminate\\Routing\\Router.php(798): Illuminate\\Pipeline\\Pipeline->then()
#19 E:\\projects\\Backend\\fitness-and-wellness\\vendor\\laravel\\framework\\src\\Illuminate\\Routing\\Router.php(777): Illuminate\\Routing\\Router->runRouteWithinStack()
#20 E:\\projects\\Backend\\fitness-and-wellness\\vendor\\laravel\\framework\\src\\Illuminate\\Routing\\Router.php(741): Illuminate\\Routing\\Router->runRoute()
#21 E:\\projects\\Backend\\fitness-and-wellness\\vendor\\laravel\\framework\\src\\Illuminate\\Routing\\Router.php(730): Illuminate\\Routing\\Router->dispatchToRoute()
#22 E:\\projects\\Backend\\fitness-and-wellness\\vendor\\laravel\\framework\\src\\Illuminate\\Foundation\\Http\\Kernel.php(200): Illuminate\\Routing\\Router->dispatch()
#23 E:\\projects\\Backend\\fitness-and-wellness\\vendor\\laravel\\framework\\src\\Illuminate\\Pipeline\\Pipeline.php(141): Illuminate\\Foundation\\Http\\Kernel->Illuminate\\Foundation\\Http\\{closure}()
#24 E:\\projects\\Backend\\fitness-and-wellness\\vendor\\laravel\\framework\\src\\Illuminate\\Foundation\\Http\\Middleware\\TransformsRequest.php(21): Illuminate\\Pipeline\\Pipeline->Illuminate\\Pipeline\\{closure}()
#25 E:\\projects\\Backend\\fitness-and-wellness\\vendor\\laravel\\framework\\src\\Illuminate\\Foundation\\Http\\Middleware\\ConvertEmptyStringsToNull.php(31): Illuminate\\Foundation\\Http\\Middleware\\TransformsRequest->handle()
#26 E:\\projects\\Backend\\fitness-and-wellness\\vendor\\laravel\\framework\\src\\Illuminate\\Pipeline\\Pipeline.php(180): Illuminate\\Foundation\\Http\\Middleware\\ConvertEmptyStringsToNull->handle()
#27 E:\\projects\\Backend\\fitness-and-wellness\\vendor\\laravel\\framework\\src\\Illuminate\\Foundation\\Http\\Middleware\\TransformsRequest.php(21): Illuminate\\Pipeline\\Pipeline->Illuminate\\Pipeline\\{closure}()
#28 E:\\projects\\Backend\\fitness-and-wellness\\vendor\\laravel\\framework\\src\\Illuminate\\Foundation\\Http\\Middleware\\TrimStrings.php(40): Illuminate\\Foundation\\Http\\Middleware\\TransformsRequest->handle()
#29 E:\\projects\\Backend\\fitness-and-wellness\\vendor\\laravel\\framework\\src\\Illuminate\\Pipeline\\Pipeline.php(180): Illuminate\\Foundation\\Http\\Middleware\\TrimStrings->handle()
#30 E:\\projects\\Backend\\fitness-and-wellness\\vendor\\laravel\\framework\\src\\Illuminate\\Foundation\\Http\\Middleware\\ValidatePostSize.php(27): Illuminate\\Pipeline\\Pipeline->Illuminate\\Pipeline\\{closure}()
#31 E:\\projects\\Backend\\fitness-and-wellness\\vendor\\laravel\\framework\\src\\Illuminate\\Pipeline\\Pipeline.php(180): Illuminate\\Foundation\\Http\\Middleware\\ValidatePostSize->handle()
#32 E:\\projects\\Backend\\fitness-and-wellness\\vendor\\laravel\\framework\\src\\Illuminate\\Foundation\\Http\\Middleware\\PreventRequestsDuringMaintenance.php(86): Illuminate\\Pipeline\\Pipeline->Illuminate\\Pipeline\\{closure}()
#33 E:\\projects\\Backend\\fitness-and-wellness\\vendor\\laravel\\framework\\src\\Illuminate\\Pipeline\\Pipeline.php(180): Illuminate\\Foundation\\Http\\Middleware\\PreventRequestsDuringMaintenance->handle()
#34 E:\\projects\\Backend\\fitness-and-wellness\\vendor\\laravel\\framework\\src\\Illuminate\\Http\\Middleware\\HandleCors.php(49): Illuminate\\Pipeline\\Pipeline->Illuminate\\Pipeline\\{closure}()
#35 E:\\projects\\Backend\\fitness-and-wellness\\vendor\\laravel\\framework\\src\\Illuminate\\Pipeline\\Pipeline.php(180): Illuminate\\Http\\Middleware\\HandleCors->handle()
#36 E:\\projects\\Backend\\fitness-and-wellness\\vendor\\laravel\\framework\\src\\Illuminate\\Http\\Middleware\\TrustProxies.php(39): Illuminate\\Pipeline\\Pipeline->Illuminate\\Pipeline\\{closure}()
#37 E:\\projects\\Backend\\fitness-and-wellness\\vendor\\laravel\\framework\\src\\Illuminate\\Pipeline\\Pipeline.php(180): Illuminate\\Http\\Middleware\\TrustProxies->handle()
#38 E:\\projects\\Backend\\fitness-and-wellness\\vendor\\laravel\\framework\\src\\Illuminate\\Pipeline\\Pipeline.php(116): Illuminate\\Pipeline\\Pipeline->Illuminate\\Pipeline\\{closure}()
#39 E:\\projects\\Backend\\fitness-and-wellness\\vendor\\laravel\\framework\\src\\Illuminate\\Foundation\\Http\\Kernel.php(175): Illuminate\\Pipeline\\Pipeline->then()
#40 E:\\projects\\Backend\\fitness-and-wellness\\vendor\\laravel\\framework\\src\\Illuminate\\Foundation\\Http\\Kernel.php(144): Illuminate\\Foundation\\Http\\Kernel->sendRequestThroughRouter()
#41 E:\\projects\\Backend\\fitness-and-wellness\\public\\index.php(51): Illuminate\\Foundation\\Http\\Kernel->handle()
#42 E:\\projects\\Backend\\fitness-and-wellness\\vendor\\laravel\\framework\\src\\Illuminate\\Foundation\\resources\\server.php(16): require_once('...')
#43 {main}
"} 
[2023-06-21 12:33:17] production.ERROR: No application encryption key has been specified. {"exception":"[object] (Illuminate\\Encryption\\MissingAppKeyException(code: 0): No application encryption key has been specified. at E:\\projects\\Backend\\fitness-and-wellness\\vendor\\laravel\\framework\\src\\Illuminate\\Encryption\\EncryptionServiceProvider.php:79)
[stacktrace]
#0 E:\\projects\\Backend\\fitness-and-wellness\\vendor\\laravel\\framework\\src\\Illuminate\\Support\\helpers.php(307): Illuminate\\Encryption\\EncryptionServiceProvider->Illuminate\\Encryption\\{closure}()
#1 E:\\projects\\Backend\\fitness-and-wellness\\vendor\\laravel\\framework\\src\\Illuminate\\Encryption\\EncryptionServiceProvider.php(77): tap()
#2 E:\\projects\\Backend\\fitness-and-wellness\\vendor\\laravel\\framework\\src\\Illuminate\\Encryption\\EncryptionServiceProvider.php(60): Illuminate\\Encryption\\EncryptionServiceProvider->key()
#3 E:\\projects\\Backend\\fitness-and-wellness\\vendor\\laravel\\framework\\src\\Illuminate\\Encryption\\EncryptionServiceProvider.php(32): Illuminate\\Encryption\\EncryptionServiceProvider->parseKey()
#4 E:\\projects\\Backend\\fitness-and-wellness\\vendor\\laravel\\framework\\src\\Illuminate\\Container\\Container.php(910): Illuminate\\Encryption\\EncryptionServiceProvider->Illuminate\\Encryption\\{closure}()
#5 E:\\projects\\Backend\\fitness-and-wellness\\vendor\\laravel\\framework\\src\\Illuminate\\Container\\Container.php(795): Illuminate\\Container\\Container->build()
#6 E:\\projects\\Backend\\fitness-and-wellness\\vendor\\laravel\\framework\\src\\Illuminate\\Foundation\\Application.php(933): Illuminate\\Container\\Container->resolve()
#7 E:\\projects\\Backend\\fitness-and-wellness\\vendor\\laravel\\framework\\src\\Illuminate\\Container\\Container.php(731): Illuminate\\Foundation\\Application->resolve()
#8 E:\\projects\\Backend\\fitness-and-wellness\\vendor\\laravel\\framework\\src\\Illuminate\\Foundation\\Application.php(918): Illuminate\\Container\\Container->make()
#9 E:\\projects\\Backend\\fitness-and-wellness\\vendor\\laravel\\framework\\src\\Illuminate\\Container\\Container.php(1068): Illuminate\\Foundation\\Application->make()
#10 E:\\projects\\Backend\\fitness-and-wellness\\vendor\\laravel\\framework\\src\\Illuminate\\Container\\Container.php(984): Illuminate\\Container\\Container->resolveClass()
#11 E:\\projects\\Backend\\fitness-and-wellness\\vendor\\laravel\\framework\\src\\Illuminate\\Container\\Container.php(945): Illuminate\\Container\\Container->resolveDependencies()
#12 E:\\projects\\Backend\\fitness-and-wellness\\vendor\\laravel\\framework\\src\\Illuminate\\Container\\Container.php(795): Illuminate\\Container\\Container->build()
#13 E:\\projects\\Backend\\fitness-and-wellness\\vendor\\laravel\\framework\\src\\Illuminate\\Foundation\\Application.php(933): Illuminate\\Container\\Container->resolve()
#14 E:\\projects\\Backend\\fitness-and-wellness\\vendor\\laravel\\framework\\src\\Illuminate\\Container\\Container.php(731): Illuminate\\Foundation\\Application->resolve()
#15 E:\\projects\\Backend\\fitness-and-wellness\\vendor\\laravel\\framework\\src\\Illuminate\\Foundation\\Application.php(918): Illuminate\\Container\\Container->make()
#16 E:\\projects\\Backend\\fitness-and-wellness\\vendor\\laravel\\framework\\src\\Illuminate\\Foundation\\Http\\Kernel.php(249): Illuminate\\Foundation\\Application->make()
#17 E:\\projects\\Backend\\fitness-and-wellness\\vendor\\laravel\\framework\\src\\Illuminate\\Foundation\\Http\\Kernel.php(213): Illuminate\\Foundation\\Http\\Kernel->terminateMiddleware()
#18 E:\\projects\\Backend\\fitness-and-wellness\\public\\index.php(55): Illuminate\\Foundation\\Http\\Kernel->terminate()
#19 E:\\projects\\Backend\\fitness-and-wellness\\vendor\\laravel\\framework\\src\\Illuminate\\Foundation\\resources\\server.php(16): require_once('...')
#20 {main}
"} 
